# JRE version: Java(TM) SE Runtime Environment (8.0_101-b13) (build 1.8.0_101-b13)
# Java VM: Java HotSpot(TM) 64-Bit Server VM (25.101-b13 mixed mode windows-amd64 compressed oops)
Heap:
 PSYoungGen      total 74752K, used 42448K [0x00000000eab00000, 0x00000000f1c80000, 0x0000000100000000)
  eden space 63488K, 66% used [0x00000000eab00000,0x00000000ed4742f8,0x00000000ee900000)
  from space 11264K, 0% used [0x00000000f1180000,0x00000000f1180000,0x00000000f1c80000)
  to   space 5120K, 0% used [0x00000000ee900000,0x00000000ee900000,0x00000000eee00000)
 ParOldGen       total 62976K, used 17278K [0x00000000c0000000, 0x00000000c3d80000, 0x00000000eab00000)
  object space 62976K, 27% used [0x00000000c0000000,0x00000000c10dfbe0,0x00000000c3d80000)
 Metaspace       used 35952K, capacity 36662K, committed 36992K, reserved 1081344K
  class space    used 4960K, capacity 5187K, committed 5248K, reserved 1048576K
GC Heap History (10 events):
Event: 4.852 GC heap before
{Heap before GC invocations=4 (full 1):
 PSYoungGen      total 68608K, used 5088K [0x00000000eab00000, 0x00000000ef300000, 0x0000000100000000)
  eden space 63488K, 0% used [0x00000000eab00000,0x00000000eab00000,0x00000000ee900000)
  from space 5120K, 99% used [0x00000000ee900000,0x00000000eedf8040,0x00000000eee00000)
  to   space 5120K, 0% used [0x00000000eee00000,0x00000000eee00000,0x00000000ef300000)
 ParOldGen       total 84992K, used 7304K [0x00000000c0000000, 0x00000000c5300000, 0x00000000eab00000)
  object space 84992K, 8% used [0x00000000c0000000,0x00000000c0722208,0x00000000c5300000)
 Metaspace       used 20819K, capacity 21196K, committed 21296K, reserved 1067008K
  class space    used 2805K, capacity 2919K, committed 2944K, reserved 1048576K
Event: 4.955 GC heap after
Heap after GC invocations=4 (full 1):
 PSYoungGen      total 68608K, used 0K [0x00000000eab00000, 0x00000000ef300000, 0x0000000100000000)
  eden space 63488K, 0% used [0x00000000eab00000,0x00000000eab00000,0x00000000ee900000)
  from space 5120K, 0% used [0x00000000ee900000,0x00000000ee900000,0x00000000eee00000)
  to   space 5120K, 0% used [0x00000000eee00000,0x00000000eee00000,0x00000000ef300000)
 ParOldGen       total 62976K, used 11390K [0x00000000c0000000, 0x00000000c3d80000, 0x00000000eab00000)
  object space 62976K, 18% used [0x00000000c0000000,0x00000000c0b1fa80,0x00000000c3d80000)
 Metaspace       used 20819K, capacity 21196K, committed 21296K, reserved 1067008K
  class space    used 2805K, capacity 2919K, committed 2944K, reserved 1048576K
}
Event: 7.316 GC heap before
{Heap before GC invocations=5 (full 1):
 PSYoungGen      total 68608K, used 63488K [0x00000000eab00000, 0x00000000ef300000, 0x0000000100000000)
  eden space 63488K, 100% used [0x00000000eab00000,0x00000000ee900000,0x00000000ee900000)
  from space 5120K, 0% used [0x00000000ee900000,0x00000000ee900000,0x00000000eee00000)
  to   space 5120K, 0% used [0x00000000eee00000,0x00000000eee00000,0x00000000ef300000)
 ParOldGen       total 62976K, used 11390K [0x00000000c0000000, 0x00000000c3d80000, 0x00000000eab00000)
  object space 62976K, 18% used [0x00000000c0000000,0x00000000c0b1fa80,0x00000000c3d80000)
 Metaspace       used 26114K, capacity 26642K, committed 26880K, reserved 1073152K
  class space    used 3676K, capacity 3837K, committed 3840K, reserved 1048576K
Event: 7.325 GC heap after
Heap after GC invocations=5 (full 1):
 PSYoungGen      total 68608K, used 5096K [0x00000000eab00000, 0x00000000ef300000, 0x0000000100000000)
  eden space 63488K, 0% used [0x00000000eab00000,0x00000000eab00000,0x00000000ee900000)
  from space 5120K, 99% used [0x00000000eee00000,0x00000000ef2fa378,0x00000000ef300000)
  to   space 5120K, 0% used [0x00000000ee900000,0x00000000ee900000,0x00000000eee00000)
 ParOldGen       total 62976K, used 13389K [0x00000000c0000000, 0x00000000c3d80000, 0x00000000eab00000)
  object space 62976K, 21% used [0x00000000c0000000,0x00000000c0d13450,0x00000000c3d80000)
 Metaspace       used 26114K, capacity 26642K, committed 26880K, reserved 1073152K
  class space    used 3676K, capacity 3837K, committed 3840K, reserved 1048576K
}
Event: 12.991 GC heap before
{Heap before GC invocations=6 (full 1):
 PSYoungGen      total 68608K, used 68584K [0x00000000eab00000, 0x00000000ef300000, 0x0000000100000000)
  eden space 63488K, 100% used [0x00000000eab00000,0x00000000ee900000,0x00000000ee900000)
  from space 5120K, 99% used [0x00000000eee00000,0x00000000ef2fa378,0x00000000ef300000)
  to   space 5120K, 0% used [0x00000000ee900000,0x00000000ee900000,0x00000000eee00000)
 ParOldGen       total 62976K, used 13389K [0x00000000c0000000, 0x00000000c3d80000, 0x00000000eab00000)
  object space 62976K, 21% used [0x00000000c0000000,0x00000000c0d13450,0x00000000c3d80000)
 Metaspace       used 30002K, capacity 30588K, committed 30976K, reserved 1075200K
  class space    used 4161K, capacity 4343K, committed 4352K, reserved 1048576K
Event: 13.001 GC heap after
Heap after GC invocations=6 (full 1):
 PSYoungGen      total 68608K, used 5088K [0x00000000eab00000, 0x00000000f1c80000, 0x0000000100000000)
  eden space 63488K, 0% used [0x00000000eab00000,0x00000000eab00000,0x00000000ee900000)
  from space 5120K, 99% used [0x00000000ee900000,0x00000000eedf8020,0x00000000eee00000)
  to   space 11264K, 0% used [0x00000000f1180000,0x00000000f1180000,0x00000000f1c80000)
 ParOldGen       total 62976K, used 16292K [0x00000000c0000000, 0x00000000c3d80000, 0x00000000eab00000)
  object space 62976K, 25% used [0x00000000c0000000,0x00000000c0fe90b0,0x00000000c3d80000)
 Metaspace       used 30002K, capacity 30588K, committed 30976K, reserved 1075200K
  class space    used 4161K, capacity 4343K, committed 4352K, reserved 1048576K
}
Event: 13.973 GC heap before
{Heap before GC invocations=7 (full 1):
 PSYoungGen      total 68608K, used 68576K [0x00000000eab00000, 0x00000000f1c80000, 0x0000000100000000)
  eden space 63488K, 100% used [0x00000000eab00000,0x00000000ee900000,0x00000000ee900000)
  from space 5120K, 99% used [0x00000000ee900000,0x00000000eedf8020,0x00000000eee00000)
  to   space 11264K, 0% used [0x00000000f1180000,0x00000000f1180000,0x00000000f1c80000)
 ParOldGen       total 62976K, used 16292K [0x00000000c0000000, 0x00000000c3d80000, 0x00000000eab00000)
  object space 62976K, 25% used [0x00000000c0000000,0x00000000c0fe90b0,0x00000000c3d80000)
 Metaspace       used 34603K, capacity 35132K, committed 35456K, reserved 1079296K
  class space    used 4732K, capacity 4913K, committed 4992K, reserved 1048576K
Event: 14.039 GC heap after
Heap after GC invocations=7 (full 1):
 PSYoungGen      total 74752K, used 11161K [0x00000000eab00000, 0x00000000f1c80000, 0x0000000100000000)
  eden space 63488K, 0% used [0x00000000eab00000,0x00000000eab00000,0x00000000ee900000)
  from space 11264K, 99% used [0x00000000f1180000,0x00000000f1c66798,0x00000000f1c80000)
  to   space 5120K, 0% used [0x00000000ee900000,0x00000000ee900000,0x00000000eee00000)
 ParOldGen       total 62976K, used 16300K [0x00000000c0000000, 0x00000000c3d80000, 0x00000000eab00000)
  object space 62976K, 25% used [0x00000000c0000000,0x00000000c0feb0b0,0x00000000c3d80000)
 Metaspace       used 34603K, capacity 35132K, committed 35456K, reserved 1079296K
  class space    used 4732K, capacity 4913K, committed 4992K, reserved 1048576K
}
Event: 14.040 GC heap before
{Heap before GC invocations=8 (full 2):
 PSYoungGen      total 74752K, used 11161K [0x00000000eab00000, 0x00000000f1c80000, 0x0000000100000000)
  eden space 63488K, 0% used [0x00000000eab00000,0x00000000eab00000,0x00000000ee900000)
  from space 11264K, 99% used [0x00000000f1180000,0x00000000f1c66798,0x00000000f1c80000)
  to   space 5120K, 0% used [0x00000000ee900000,0x00000000ee900000,0x00000000eee00000)
 ParOldGen       total 62976K, used 16300K [0x00000000c0000000, 0x00000000c3d80000, 0x00000000eab00000)
  object space 62976K, 25% used [0x00000000c0000000,0x00000000c0feb0b0,0x00000000c3d80000)
 Metaspace       used 34603K, capacity 35132K, committed 35456K, reserved 1079296K
  class space    used 4732K, capacity 4913K, committed 4992K, reserved 1048576K
Event: 14.260 GC heap after
Heap after GC invocations=8 (full 2):
 PSYoungGen      total 74752K, used 0K [0x00000000eab00000, 0x00000000f1c80000, 0x0000000100000000)
  eden space 63488K, 0% used [0x00000000eab00000,0x00000000eab00000,0x00000000ee900000)
  from space 11264K, 0% used [0x00000000f1180000,0x00000000f1180000,0x00000000f1c80000)
  to   space 5120K, 0% used [0x00000000ee900000,0x00000000ee900000,0x00000000eee00000)
 ParOldGen       total 62976K, used 17278K [0x00000000c0000000, 0x00000000c3d80000, 0x00000000eab00000)
  object space 62976K, 27% used [0x00000000c0000000,0x00000000c10dfbe0,0x00000000c3d80000)
 Metaspace       used 34603K, capacity 35132K, committed 35456K, reserved 1079296K
  class space    used 4732K, capacity 4913K, committed 4992K, reserved 1048576K
}

