# JRE version: Java(TM) SE Runtime Environment (8.0_101-b13) (build 1.8.0_101-b13)
# Java VM: Java HotSpot(TM) 64-Bit Server VM (25.101-b13 mixed mode windows-amd64 compressed oops)
Heap:
 PSYoungGen      total 139776K, used 112014K [0x00000000eab00000, 0x00000000f7200000, 0x0000000100000000)
  eden space 125952K, 78% used [0x00000000eab00000,0x00000000f0b96d40,0x00000000f2600000)
  from space 13824K, 94% used [0x00000000f2600000,0x00000000f32ccb98,0x00000000f3380000)
  to   space 15360K, 0% used [0x00000000f6300000,0x00000000f6300000,0x00000000f7200000)
 ParOldGen       total 67584K, used 20501K [0x00000000c0000000, 0x00000000c4200000, 0x00000000eab00000)
  object space 67584K, 30% used [0x00000000c0000000,0x00000000c14054a0,0x00000000c4200000)
 Metaspace       used 48615K, capacity 49752K, committed 49920K, reserved 1091584K
  class space    used 6523K, capacity 6830K, committed 6912K, reserved 1048576K
GC Heap History (10 events):
Event: 7.366 GC heap before
{Heap before GC invocations=5 (full 1):
 PSYoungGen      total 68608K, used 63488K [0x00000000eab00000, 0x00000000f3100000, 0x0000000100000000)
  eden space 63488K, 100% used [0x00000000eab00000,0x00000000ee900000,0x00000000ee900000)
  from space 5120K, 0% used [0x00000000ee900000,0x00000000ee900000,0x00000000eee00000)
  to   space 5120K, 0% used [0x00000000f2c00000,0x00000000f2c00000,0x00000000f3100000)
 ParOldGen       total 67584K, used 11564K [0x00000000c0000000, 0x00000000c4200000, 0x00000000eab00000)
  object space 67584K, 17% used [0x00000000c0000000,0x00000000c0b4b380,0x00000000c4200000)
 Metaspace       used 26882K, capacity 27364K, committed 27648K, reserved 1073152K
  class space    used 3587K, capacity 3743K, committed 3840K, reserved 1048576K
Event: 7.380 GC heap after
Heap after GC invocations=5 (full 1):
 PSYoungGen      total 95744K, used 5104K [0x00000000eab00000, 0x00000000f3100000, 0x0000000100000000)
  eden space 90624K, 0% used [0x00000000eab00000,0x00000000eab00000,0x00000000f0380000)
  from space 5120K, 99% used [0x00000000f2c00000,0x00000000f30fc238,0x00000000f3100000)
  to   space 5120K, 0% used [0x00000000f2700000,0x00000000f2700000,0x00000000f2c00000)
 ParOldGen       total 67584K, used 14862K [0x00000000c0000000, 0x00000000c4200000, 0x00000000eab00000)
  object space 67584K, 21% used [0x00000000c0000000,0x00000000c0e839c8,0x00000000c4200000)
 Metaspace       used 26882K, capacity 27364K, committed 27648K, reserved 1073152K
  class space    used 3587K, capacity 3743K, committed 3840K, reserved 1048576K
}
Event: 10.152 GC heap before
{Heap before GC invocations=6 (full 1):
 PSYoungGen      total 95744K, used 95728K [0x00000000eab00000, 0x00000000f3100000, 0x0000000100000000)
  eden space 90624K, 100% used [0x00000000eab00000,0x00000000f0380000,0x00000000f0380000)
  from space 5120K, 99% used [0x00000000f2c00000,0x00000000f30fc238,0x00000000f3100000)
  to   space 5120K, 0% used [0x00000000f2700000,0x00000000f2700000,0x00000000f2c00000)
 ParOldGen       total 67584K, used 14862K [0x00000000c0000000, 0x00000000c4200000, 0x00000000eab00000)
  object space 67584K, 21% used [0x00000000c0000000,0x00000000c0e839c8,0x00000000c4200000)
 Metaspace       used 32159K, capacity 32850K, committed 33024K, reserved 1077248K
  class space    used 4408K, capacity 4603K, committed 4608K, reserved 1048576K
Event: 10.169 GC heap after
Heap after GC invocations=6 (full 1):
 PSYoungGen      total 130560K, used 5116K [0x00000000eab00000, 0x00000000f4180000, 0x0000000100000000)
  eden space 125440K, 0% used [0x00000000eab00000,0x00000000eab00000,0x00000000f2580000)
  from space 5120K, 99% used [0x00000000f2700000,0x00000000f2bff0f0,0x00000000f2c00000)
  to   space 14336K, 0% used [0x00000000f3380000,0x00000000f3380000,0x00000000f4180000)
 ParOldGen       total 67584K, used 21471K [0x00000000c0000000, 0x00000000c4200000, 0x00000000eab00000)
  object space 67584K, 31% used [0x00000000c0000000,0x00000000c14f7ca8,0x00000000c4200000)
 Metaspace       used 32159K, capacity 32850K, committed 33024K, reserved 1077248K
  class space    used 4408K, capacity 4603K, committed 4608K, reserved 1048576K
}
Event: 18.020 GC heap before
{Heap before GC invocations=7 (full 1):
 PSYoungGen      total 130560K, used 68855K [0x00000000eab00000, 0x00000000f4180000, 0x0000000100000000)
  eden space 125440K, 50% used [0x00000000eab00000,0x00000000ee93ee98,0x00000000f2580000)
  from space 5120K, 99% used [0x00000000f2700000,0x00000000f2bff0f0,0x00000000f2c00000)
  to   space 14336K, 0% used [0x00000000f3380000,0x00000000f3380000,0x00000000f4180000)
 ParOldGen       total 67584K, used 21471K [0x00000000c0000000, 0x00000000c4200000, 0x00000000eab00000)
  object space 67584K, 31% used [0x00000000c0000000,0x00000000c14f7ca8,0x00000000c4200000)
 Metaspace       used 34478K, capacity 35348K, committed 35456K, reserved 1079296K
  class space    used 4664K, capacity 4928K, committed 4992K, reserved 1048576K
Event: 18.058 GC heap after
Heap after GC invocations=7 (full 1):
 PSYoungGen      total 140288K, used 8762K [0x00000000eab00000, 0x00000000f6a80000, 0x0000000100000000)
  eden space 125952K, 0% used [0x00000000eab00000,0x00000000eab00000,0x00000000f2600000)
  from space 14336K, 61% used [0x00000000f3380000,0x00000000f3c0ea28,0x00000000f4180000)
  to   space 13824K, 0% used [0x00000000f2600000,0x00000000f2600000,0x00000000f3380000)
 ParOldGen       total 67584K, used 21479K [0x00000000c0000000, 0x00000000c4200000, 0x00000000eab00000)
  object space 67584K, 31% used [0x00000000c0000000,0x00000000c14f9ca8,0x00000000c4200000)
 Metaspace       used 34478K, capacity 35348K, committed 35456K, reserved 1079296K
  class space    used 4664K, capacity 4928K, committed 4992K, reserved 1048576K
}
Event: 18.058 GC heap before
{Heap before GC invocations=8 (full 2):
 PSYoungGen      total 140288K, used 8762K [0x00000000eab00000, 0x00000000f6a80000, 0x0000000100000000)
  eden space 125952K, 0% used [0x00000000eab00000,0x00000000eab00000,0x00000000f2600000)
  from space 14336K, 61% used [0x00000000f3380000,0x00000000f3c0ea28,0x00000000f4180000)
  to   space 13824K, 0% used [0x00000000f2600000,0x00000000f2600000,0x00000000f3380000)
 ParOldGen       total 67584K, used 21479K [0x00000000c0000000, 0x00000000c4200000, 0x00000000eab00000)
  object space 67584K, 31% used [0x00000000c0000000,0x00000000c14f9ca8,0x00000000c4200000)
 Metaspace       used 34478K, capacity 35348K, committed 35456K, reserved 1079296K
  class space    used 4664K, capacity 4928K, committed 4992K, reserved 1048576K
Event: 18.205 GC heap after
Heap after GC invocations=8 (full 2):
 PSYoungGen      total 140288K, used 0K [0x00000000eab00000, 0x00000000f6a80000, 0x0000000100000000)
  eden space 125952K, 0% used [0x00000000eab00000,0x00000000eab00000,0x00000000f2600000)
  from space 14336K, 0% used [0x00000000f3380000,0x00000000f3380000,0x00000000f4180000)
  to   space 13824K, 0% used [0x00000000f2600000,0x00000000f2600000,0x00000000f3380000)
 ParOldGen       total 67584K, used 20493K [0x00000000c0000000, 0x00000000c4200000, 0x00000000eab00000)
  object space 67584K, 30% used [0x00000000c0000000,0x00000000c14034a0,0x00000000c4200000)
 Metaspace       used 34403K, capacity 35180K, committed 35456K, reserved 1079296K
  class space    used 4640K, capacity 4872K, committed 4992K, reserved 1048576K
}
Event: 22.385 GC heap before
{Heap before GC invocations=9 (full 2):
 PSYoungGen      total 140288K, used 125952K [0x00000000eab00000, 0x00000000f6a80000, 0x0000000100000000)
  eden space 125952K, 100% used [0x00000000eab00000,0x00000000f2600000,0x00000000f2600000)
  from space 14336K, 0% used [0x00000000f3380000,0x00000000f3380000,0x00000000f4180000)
  to   space 13824K, 0% used [0x00000000f2600000,0x00000000f2600000,0x00000000f3380000)
 ParOldGen       total 67584K, used 20493K [0x00000000c0000000, 0x00000000c4200000, 0x00000000eab00000)
  object space 67584K, 30% used [0x00000000c0000000,0x00000000c14034a0,0x00000000c4200000)
 Metaspace       used 45483K, capacity 46482K, committed 46848K, reserved 1089536K
  class space    used 6113K, capacity 6376K, committed 6400K, reserved 1048576K
Event: 22.407 GC heap after
Heap after GC invocations=9 (full 2):
 PSYoungGen      total 139776K, used 13106K [0x00000000eab00000, 0x00000000f7200000, 0x0000000100000000)
  eden space 125952K, 0% used [0x00000000eab00000,0x00000000eab00000,0x00000000f2600000)
  from space 13824K, 94% used [0x00000000f2600000,0x00000000f32ccb98,0x00000000f3380000)
  to   space 15360K, 0% used [0x00000000f6300000,0x00000000f6300000,0x00000000f7200000)
 ParOldGen       total 67584K, used 20501K [0x00000000c0000000, 0x00000000c4200000, 0x00000000eab00000)
  object space 67584K, 30% used [0x00000000c0000000,0x00000000c14054a0,0x00000000c4200000)
 Metaspace       used 45483K, capacity 46482K, committed 46848K, reserved 1089536K
  class space    used 6113K, capacity 6376K, committed 6400K, reserved 1048576K
}

