# JRE version: Java(TM) SE Runtime Environment (8.0_101-b13) (build 1.8.0_101-b13)
# Java VM: Java HotSpot(TM) 64-Bit Server VM (25.101-b13 mixed mode windows-amd64 compressed oops)
Heap:
 PSYoungGen      total 174080K, used 65046K [0x00000000eab00000, 0x00000000fb500000, 0x0000000100000000)
  eden space 161280K, 32% used [0x00000000eab00000,0x00000000ede06618,0x00000000f4880000)
  from space 12800K, 99% used [0x00000000f4880000,0x00000000f54ff5b0,0x00000000f5500000)
  to   space 15360K, 0% used [0x00000000fa600000,0x00000000fa600000,0x00000000fb500000)
 ParOldGen       total 84992K, used 17773K [0x00000000c0000000, 0x00000000c5300000, 0x00000000eab00000)
  object space 84992K, 20% used [0x00000000c0000000,0x00000000c115b420,0x00000000c5300000)
 Metaspace       used 47213K, capacity 48102K, committed 48512K, reserved 1091584K
  class space    used 6418K, capacity 6697K, committed 6784K, reserved 1048576K
GC Heap History (10 events):
Event: 7.471 GC heap before
{Heap before GC invocations=5 (full 1):
 PSYoungGen      total 68608K, used 63488K [0x00000000eab00000, 0x00000000f3100000, 0x0000000100000000)
  eden space 63488K, 100% used [0x00000000eab00000,0x00000000ee900000,0x00000000ee900000)
  from space 5120K, 0% used [0x00000000ee900000,0x00000000ee900000,0x00000000eee00000)
  to   space 5120K, 0% used [0x00000000f2c00000,0x00000000f2c00000,0x00000000f3100000)
 ParOldGen       total 60928K, used 11399K [0x00000000c0000000, 0x00000000c3b80000, 0x00000000eab00000)
  object space 60928K, 18% used [0x00000000c0000000,0x00000000c0b21ef0,0x00000000c3b80000)
 Metaspace       used 26019K, capacity 26514K, committed 26624K, reserved 1073152K
  class space    used 3668K, capacity 3837K, committed 3840K, reserved 1048576K
Event: 7.491 GC heap after
Heap after GC invocations=5 (full 1):
 PSYoungGen      total 108032K, used 5103K [0x00000000eab00000, 0x00000000f3100000, 0x0000000100000000)
  eden space 102912K, 0% used [0x00000000eab00000,0x00000000eab00000,0x00000000f0f80000)
  from space 5120K, 99% used [0x00000000f2c00000,0x00000000f30fbf60,0x00000000f3100000)
  to   space 5120K, 0% used [0x00000000f2700000,0x00000000f2700000,0x00000000f2c00000)
 ParOldGen       total 60928K, used 13354K [0x00000000c0000000, 0x00000000c3b80000, 0x00000000eab00000)
  object space 60928K, 21% used [0x00000000c0000000,0x00000000c0d0a948,0x00000000c3b80000)
 Metaspace       used 26019K, capacity 26514K, committed 26624K, reserved 1073152K
  class space    used 3668K, capacity 3837K, committed 3840K, reserved 1048576K
}
Event: 10.766 GC heap before
{Heap before GC invocations=6 (full 1):
 PSYoungGen      total 108032K, used 108015K [0x00000000eab00000, 0x00000000f3100000, 0x0000000100000000)
  eden space 102912K, 100% used [0x00000000eab00000,0x00000000f0f80000,0x00000000f0f80000)
  from space 5120K, 99% used [0x00000000f2c00000,0x00000000f30fbf60,0x00000000f3100000)
  to   space 5120K, 0% used [0x00000000f2700000,0x00000000f2700000,0x00000000f2c00000)
 ParOldGen       total 60928K, used 13354K [0x00000000c0000000, 0x00000000c3b80000, 0x00000000eab00000)
  object space 60928K, 21% used [0x00000000c0000000,0x00000000c0d0a948,0x00000000c3b80000)
 Metaspace       used 32204K, capacity 32824K, committed 33152K, reserved 1077248K
  class space    used 4435K, capacity 4619K, committed 4736K, reserved 1048576K
Event: 10.793 GC heap after
Heap after GC invocations=6 (full 1):
 PSYoungGen      total 132096K, used 5088K [0x00000000eab00000, 0x00000000f6200000, 0x0000000100000000)
  eden space 126976K, 0% used [0x00000000eab00000,0x00000000eab00000,0x00000000f2700000)
  from space 5120K, 99% used [0x00000000f2700000,0x00000000f2bf8020,0x00000000f2c00000)
  to   space 13312K, 0% used [0x00000000f5500000,0x00000000f5500000,0x00000000f6200000)
 ParOldGen       total 60928K, used 19274K [0x00000000c0000000, 0x00000000c3b80000, 0x00000000eab00000)
  object space 60928K, 31% used [0x00000000c0000000,0x00000000c12d2b98,0x00000000c3b80000)
 Metaspace       used 32204K, capacity 32824K, committed 33152K, reserved 1077248K
  class space    used 4435K, capacity 4619K, committed 4736K, reserved 1048576K
}
Event: 11.286 GC heap before
{Heap before GC invocations=7 (full 1):
 PSYoungGen      total 132096K, used 31074K [0x00000000eab00000, 0x00000000f6200000, 0x0000000100000000)
  eden space 126976K, 20% used [0x00000000eab00000,0x00000000ec460930,0x00000000f2700000)
  from space 5120K, 99% used [0x00000000f2700000,0x00000000f2bf8020,0x00000000f2c00000)
  to   space 13312K, 0% used [0x00000000f5500000,0x00000000f5500000,0x00000000f6200000)
 ParOldGen       total 60928K, used 19274K [0x00000000c0000000, 0x00000000c3b80000, 0x00000000eab00000)
  object space 60928K, 31% used [0x00000000c0000000,0x00000000c12d2b98,0x00000000c3b80000)
 Metaspace       used 34585K, capacity 35132K, committed 35456K, reserved 1079296K
  class space    used 4730K, capacity 4913K, committed 4992K, reserved 1048576K
Event: 11.308 GC heap after
Heap after GC invocations=7 (full 1):
 PSYoungGen      total 174592K, used 8344K [0x00000000eab00000, 0x00000000f8800000, 0x0000000100000000)
  eden space 161280K, 0% used [0x00000000eab00000,0x00000000eab00000,0x00000000f4880000)
  from space 13312K, 62% used [0x00000000f5500000,0x00000000f5d26080,0x00000000f6200000)
  to   space 12800K, 0% used [0x00000000f4880000,0x00000000f4880000,0x00000000f5500000)
 ParOldGen       total 60928K, used 19282K [0x00000000c0000000, 0x00000000c3b80000, 0x00000000eab00000)
  object space 60928K, 31% used [0x00000000c0000000,0x00000000c12d4b98,0x00000000c3b80000)
 Metaspace       used 34585K, capacity 35132K, committed 35456K, reserved 1079296K
  class space    used 4730K, capacity 4913K, committed 4992K, reserved 1048576K
}
Event: 11.308 GC heap before
{Heap before GC invocations=8 (full 2):
 PSYoungGen      total 174592K, used 8344K [0x00000000eab00000, 0x00000000f8800000, 0x0000000100000000)
  eden space 161280K, 0% used [0x00000000eab00000,0x00000000eab00000,0x00000000f4880000)
  from space 13312K, 62% used [0x00000000f5500000,0x00000000f5d26080,0x00000000f6200000)
  to   space 12800K, 0% used [0x00000000f4880000,0x00000000f4880000,0x00000000f5500000)
 ParOldGen       total 60928K, used 19282K [0x00000000c0000000, 0x00000000c3b80000, 0x00000000eab00000)
  object space 60928K, 31% used [0x00000000c0000000,0x00000000c12d4b98,0x00000000c3b80000)
 Metaspace       used 34585K, capacity 35132K, committed 35456K, reserved 1079296K
  class space    used 4730K, capacity 4913K, committed 4992K, reserved 1048576K
Event: 11.474 GC heap after
Heap after GC invocations=8 (full 2):
 PSYoungGen      total 174592K, used 0K [0x00000000eab00000, 0x00000000f8800000, 0x0000000100000000)
  eden space 161280K, 0% used [0x00000000eab00000,0x00000000eab00000,0x00000000f4880000)
  from space 13312K, 0% used [0x00000000f5500000,0x00000000f5500000,0x00000000f6200000)
  to   space 12800K, 0% used [0x00000000f4880000,0x00000000f4880000,0x00000000f5500000)
 ParOldGen       total 84992K, used 15823K [0x00000000c0000000, 0x00000000c5300000, 0x00000000eab00000)
  object space 84992K, 18% used [0x00000000c0000000,0x00000000c0f73f68,0x00000000c5300000)
 Metaspace       used 34585K, capacity 35132K, committed 35456K, reserved 1079296K
  class space    used 4730K, capacity 4913K, committed 4992K, reserved 1048576K
}
Event: 16.536 GC heap before
{Heap before GC invocations=9 (full 2):
 PSYoungGen      total 174592K, used 161280K [0x00000000eab00000, 0x00000000f8800000, 0x0000000100000000)
  eden space 161280K, 100% used [0x00000000eab00000,0x00000000f4880000,0x00000000f4880000)
  from space 13312K, 0% used [0x00000000f5500000,0x00000000f5500000,0x00000000f6200000)
  to   space 12800K, 0% used [0x00000000f4880000,0x00000000f4880000,0x00000000f5500000)
 ParOldGen       total 84992K, used 15823K [0x00000000c0000000, 0x00000000c5300000, 0x00000000eab00000)
  object space 84992K, 18% used [0x00000000c0000000,0x00000000c0f73f68,0x00000000c5300000)
 Metaspace       used 44856K, capacity 45832K, committed 46080K, reserved 1089536K
  class space    used 6135K, capacity 6397K, committed 6400K, reserved 1048576K
Event: 16.557 GC heap after
Heap after GC invocations=9 (full 2):
 PSYoungGen      total 174080K, used 12797K [0x00000000eab00000, 0x00000000fb500000, 0x0000000100000000)
  eden space 161280K, 0% used [0x00000000eab00000,0x00000000eab00000,0x00000000f4880000)
  from space 12800K, 99% used [0x00000000f4880000,0x00000000f54ff5b0,0x00000000f5500000)
  to   space 15360K, 0% used [0x00000000fa600000,0x00000000fa600000,0x00000000fb500000)
 ParOldGen       total 84992K, used 17773K [0x00000000c0000000, 0x00000000c5300000, 0x00000000eab00000)
  object space 84992K, 20% used [0x00000000c0000000,0x00000000c115b420,0x00000000c5300000)
 Metaspace       used 44856K, capacity 45832K, committed 46080K, reserved 1089536K
  class space    used 6135K, capacity 6397K, committed 6400K, reserved 1048576K
}

