# JRE version: Java(TM) SE Runtime Environment (8.0_101-b13) (build 1.8.0_101-b13)
# Java VM: Java HotSpot(TM) 64-Bit Server VM (25.101-b13 mixed mode windows-amd64 compressed oops)
Heap:
 PSYoungGen      total 264192K, used 202793K [0x00000000eab00000, 0x00000000fcd00000, 0x0000000100000000)
  eden space 244224K, 83% used [0x00000000eab00000,0x00000000f710a748,0x00000000f9980000)
  from space 19968K, 0% used [0x00000000fad00000,0x00000000fad00000,0x00000000fc080000)
  to   space 19968K, 0% used [0x00000000f9980000,0x00000000f9980000,0x00000000fad00000)
 ParOldGen       total 123392K, used 42709K [0x00000000c0000000, 0x00000000c7880000, 0x00000000eab00000)
  object space 123392K, 34% used [0x00000000c0000000,0x00000000c29b5400,0x00000000c7880000)
 Metaspace       used 63958K, capacity 65866K, committed 66136K, reserved 1105920K
  class space    used 8600K, capacity 9028K, committed 9088K, reserved 1048576K
GC Heap History (10 events):
Event: 19.934 GC heap before
{Heap before GC invocations=9 (full 2):
 PSYoungGen      total 120320K, used 10750K [0x00000000eab00000, 0x00000000f8380000, 0x0000000100000000)
  eden space 109568K, 0% used [0x00000000eab00000,0x00000000eab00000,0x00000000f1600000)
  from space 10752K, 99% used [0x00000000f1600000,0x00000000f207f990,0x00000000f2080000)
  to   space 12288K, 0% used [0x00000000f7780000,0x00000000f7780000,0x00000000f8380000)
 ParOldGen       total 55296K, used 12973K [0x00000000c0000000, 0x00000000c3600000, 0x00000000eab00000)
  object space 55296K, 23% used [0x00000000c0000000,0x00000000c0cab6d8,0x00000000c3600000)
 Metaspace       used 34665K, capacity 35286K, committed 35416K, reserved 1079296K
  class space    used 4750K, capacity 4943K, committed 4992K, reserved 1048576K
Event: 20.049 GC heap after
Heap after GC invocations=9 (full 2):
 PSYoungGen      total 120320K, used 0K [0x00000000eab00000, 0x00000000f8380000, 0x0000000100000000)
  eden space 109568K, 0% used [0x00000000eab00000,0x00000000eab00000,0x00000000f1600000)
  from space 10752K, 0% used [0x00000000f1600000,0x00000000f1600000,0x00000000f2080000)
  to   space 12288K, 0% used [0x00000000f7780000,0x00000000f7780000,0x00000000f8380000)
 ParOldGen       total 76288K, used 17760K [0x00000000c0000000, 0x00000000c4a80000, 0x00000000eab00000)
  object space 76288K, 23% used [0x00000000c0000000,0x00000000c11582a0,0x00000000c4a80000)
 Metaspace       used 34665K, capacity 35286K, committed 35416K, reserved 1079296K
  class space    used 4750K, capacity 4943K, committed 4992K, reserved 1048576K
}
Event: 22.369 GC heap before
{Heap before GC invocations=10 (full 2):
 PSYoungGen      total 120320K, used 109568K [0x00000000eab00000, 0x00000000f8380000, 0x0000000100000000)
  eden space 109568K, 100% used [0x00000000eab00000,0x00000000f1600000,0x00000000f1600000)
  from space 10752K, 0% used [0x00000000f1600000,0x00000000f1600000,0x00000000f2080000)
  to   space 12288K, 0% used [0x00000000f7780000,0x00000000f7780000,0x00000000f8380000)
 ParOldGen       total 76288K, used 17760K [0x00000000c0000000, 0x00000000c4a80000, 0x00000000eab00000)
  object space 76288K, 23% used [0x00000000c0000000,0x00000000c11582a0,0x00000000c4a80000)
 Metaspace       used 42521K, capacity 43330K, committed 43480K, reserved 1087488K
  class space    used 5829K, capacity 6084K, committed 6144K, reserved 1048576K
Event: 22.382 GC heap after
Heap after GC invocations=10 (full 2):
 PSYoungGen      total 190464K, used 10563K [0x00000000eab00000, 0x00000000f8200000, 0x0000000100000000)
  eden space 179712K, 0% used [0x00000000eab00000,0x00000000eab00000,0x00000000f5a80000)
  from space 10752K, 98% used [0x00000000f7780000,0x00000000f81d0f50,0x00000000f8200000)
  to   space 13312K, 0% used [0x00000000f6800000,0x00000000f6800000,0x00000000f7500000)
 ParOldGen       total 76288K, used 17768K [0x00000000c0000000, 0x00000000c4a80000, 0x00000000eab00000)
  object space 76288K, 23% used [0x00000000c0000000,0x00000000c115a2a0,0x00000000c4a80000)
 Metaspace       used 42521K, capacity 43330K, committed 43480K, reserved 1087488K
  class space    used 5829K, capacity 6084K, committed 6144K, reserved 1048576K
}
Event: 30.748 GC heap before
{Heap before GC invocations=11 (full 2):
 PSYoungGen      total 190464K, used 190275K [0x00000000eab00000, 0x00000000f8200000, 0x0000000100000000)
  eden space 179712K, 100% used [0x00000000eab00000,0x00000000f5a80000,0x00000000f5a80000)
  from space 10752K, 98% used [0x00000000f7780000,0x00000000f81d0f50,0x00000000f8200000)
  to   space 13312K, 0% used [0x00000000f6800000,0x00000000f6800000,0x00000000f7500000)
 ParOldGen       total 76288K, used 17768K [0x00000000c0000000, 0x00000000c4a80000, 0x00000000eab00000)
  object space 76288K, 23% used [0x00000000c0000000,0x00000000c115a2a0,0x00000000c4a80000)
 Metaspace       used 53805K, capacity 55418K, committed 55640K, reserved 1097728K
  class space    used 7434K, capacity 7794K, committed 7808K, reserved 1048576K
Event: 30.789 GC heap after
Heap after GC invocations=11 (full 2):
 PSYoungGen      total 206848K, used 13299K [0x00000000eab00000, 0x00000000fc080000, 0x0000000100000000)
  eden space 193536K, 0% used [0x00000000eab00000,0x00000000eab00000,0x00000000f6800000)
  from space 13312K, 99% used [0x00000000f6800000,0x00000000f74fcc90,0x00000000f7500000)
  to   space 19968K, 0% used [0x00000000fad00000,0x00000000fad00000,0x00000000fc080000)
 ParOldGen       total 76288K, used 30640K [0x00000000c0000000, 0x00000000c4a80000, 0x00000000eab00000)
  object space 76288K, 40% used [0x00000000c0000000,0x00000000c1dec1e8,0x00000000c4a80000)
 Metaspace       used 53805K, capacity 55418K, committed 55640K, reserved 1097728K
  class space    used 7434K, capacity 7794K, committed 7808K, reserved 1048576K
}
Event: 38.548 GC heap before
{Heap before GC invocations=12 (full 2):
 PSYoungGen      total 206848K, used 138014K [0x00000000eab00000, 0x00000000fc080000, 0x0000000100000000)
  eden space 193536K, 64% used [0x00000000eab00000,0x00000000f24caee0,0x00000000f6800000)
  from space 13312K, 99% used [0x00000000f6800000,0x00000000f74fcc90,0x00000000f7500000)
  to   space 19968K, 0% used [0x00000000fad00000,0x00000000fad00000,0x00000000fc080000)
 ParOldGen       total 76288K, used 30640K [0x00000000c0000000, 0x00000000c4a80000, 0x00000000eab00000)
  object space 76288K, 40% used [0x00000000c0000000,0x00000000c1dec1e8,0x00000000c4a80000)
 Metaspace       used 57141K, capacity 58900K, committed 58968K, reserved 1099776K
  class space    used 7864K, capacity 8301K, committed 8320K, reserved 1048576K
Event: 38.575 GC heap after
Heap after GC invocations=12 (full 2):
 PSYoungGen      total 264192K, used 11864K [0x00000000eab00000, 0x00000000fcd00000, 0x0000000100000000)
  eden space 244224K, 0% used [0x00000000eab00000,0x00000000eab00000,0x00000000f9980000)
  from space 19968K, 59% used [0x00000000fad00000,0x00000000fb8961a8,0x00000000fc080000)
  to   space 19968K, 0% used [0x00000000f9980000,0x00000000f9980000,0x00000000fad00000)
 ParOldGen       total 76288K, used 35732K [0x00000000c0000000, 0x00000000c4a80000, 0x00000000eab00000)
  object space 76288K, 46% used [0x00000000c0000000,0x00000000c22e5170,0x00000000c4a80000)
 Metaspace       used 57141K, capacity 58900K, committed 58968K, reserved 1099776K
  class space    used 7864K, capacity 8301K, committed 8320K, reserved 1048576K
}
Event: 38.575 GC heap before
{Heap before GC invocations=13 (full 3):
 PSYoungGen      total 264192K, used 11864K [0x00000000eab00000, 0x00000000fcd00000, 0x0000000100000000)
  eden space 244224K, 0% used [0x00000000eab00000,0x00000000eab00000,0x00000000f9980000)
  from space 19968K, 59% used [0x00000000fad00000,0x00000000fb8961a8,0x00000000fc080000)
  to   space 19968K, 0% used [0x00000000f9980000,0x00000000f9980000,0x00000000fad00000)
 ParOldGen       total 76288K, used 35732K [0x00000000c0000000, 0x00000000c4a80000, 0x00000000eab00000)
  object space 76288K, 46% used [0x00000000c0000000,0x00000000c22e5170,0x00000000c4a80000)
 Metaspace       used 57141K, capacity 58900K, committed 58968K, reserved 1099776K
  class space    used 7864K, capacity 8301K, committed 8320K, reserved 1048576K
Event: 38.890 GC heap after
Heap after GC invocations=13 (full 3):
 PSYoungGen      total 264192K, used 0K [0x00000000eab00000, 0x00000000fcd00000, 0x0000000100000000)
  eden space 244224K, 0% used [0x00000000eab00000,0x00000000eab00000,0x00000000f9980000)
  from space 19968K, 0% used [0x00000000fad00000,0x00000000fad00000,0x00000000fc080000)
  to   space 19968K, 0% used [0x00000000f9980000,0x00000000f9980000,0x00000000fad00000)
 ParOldGen       total 123392K, used 42709K [0x00000000c0000000, 0x00000000c7880000, 0x00000000eab00000)
  object space 123392K, 34% used [0x00000000c0000000,0x00000000c29b5400,0x00000000c7880000)
 Metaspace       used 57139K, capacity 58894K, committed 58968K, reserved 1099776K
  class space    used 7864K, capacity 8300K, committed 8320K, reserved 1048576K
}

