# JRE version: Java(TM) SE Runtime Environment (8.0_101-b13) (build 1.8.0_101-b13)
# Java VM: Java HotSpot(TM) 64-Bit Server VM (25.101-b13 mixed mode windows-amd64 compressed oops)
Heap:
 PSYoungGen      total 146944K, used 110599K [0x00000000eab00000, 0x00000000fa480000, 0x0000000100000000)
  eden space 134144K, 73% used [0x00000000eab00000,0x00000000f0b8f3b0,0x00000000f2e00000)
  from space 12800K, 91% used [0x00000000f2e00000,0x00000000f3972a80,0x00000000f3a80000)
  to   space 13824K, 0% used [0x00000000f9700000,0x00000000f9700000,0x00000000fa480000)
 ParOldGen       total 84992K, used 19400K [0x00000000c0000000, 0x00000000c5300000, 0x00000000eab00000)
  object space 84992K, 22% used [0x00000000c0000000,0x00000000c12f23f0,0x00000000c5300000)
 Metaspace       used 49579K, capacity 50878K, committed 50904K, reserved 1093632K
  class space    used 6795K, capacity 7104K, committed 7128K, reserved 1048576K
GC Heap History (10 events):
Event: 16.295 GC heap before
{Heap before GC invocations=5 (full 1):
 PSYoungGen      total 68608K, used 63488K [0x00000000eab00000, 0x00000000f3100000, 0x0000000100000000)
  eden space 63488K, 100% used [0x00000000eab00000,0x00000000ee900000,0x00000000ee900000)
  from space 5120K, 0% used [0x00000000ee900000,0x00000000ee900000,0x00000000eee00000)
  to   space 5120K, 0% used [0x00000000f2c00000,0x00000000f2c00000,0x00000000f3100000)
 ParOldGen       total 66560K, used 12309K [0x00000000c0000000, 0x00000000c4100000, 0x00000000eab00000)
  object space 66560K, 18% used [0x00000000c0000000,0x00000000c0c054a0,0x00000000c4100000)
 Metaspace       used 25846K, capacity 26240K, committed 26624K, reserved 1073152K
  class space    used 3642K, capacity 3757K, committed 3840K, reserved 1048576K
Event: 16.307 GC heap after
Heap after GC invocations=5 (full 1):
 PSYoungGen      total 99328K, used 5088K [0x00000000eab00000, 0x00000000f3100000, 0x0000000100000000)
  eden space 94208K, 0% used [0x00000000eab00000,0x00000000eab00000,0x00000000f0700000)
  from space 5120K, 99% used [0x00000000f2c00000,0x00000000f30f8238,0x00000000f3100000)
  to   space 5120K, 0% used [0x00000000f2700000,0x00000000f2700000,0x00000000f2c00000)
 ParOldGen       total 66560K, used 14917K [0x00000000c0000000, 0x00000000c4100000, 0x00000000eab00000)
  object space 66560K, 22% used [0x00000000c0000000,0x00000000c0e91608,0x00000000c4100000)
 Metaspace       used 25846K, capacity 26240K, committed 26624K, reserved 1073152K
  class space    used 3642K, capacity 3757K, committed 3840K, reserved 1048576K
}
Event: 53.271 GC heap before
{Heap before GC invocations=6 (full 1):
 PSYoungGen      total 99328K, used 99296K [0x00000000eab00000, 0x00000000f3100000, 0x0000000100000000)
  eden space 94208K, 100% used [0x00000000eab00000,0x00000000f0700000,0x00000000f0700000)
  from space 5120K, 99% used [0x00000000f2c00000,0x00000000f30f8238,0x00000000f3100000)
  to   space 5120K, 0% used [0x00000000f2700000,0x00000000f2700000,0x00000000f2c00000)
 ParOldGen       total 66560K, used 14917K [0x00000000c0000000, 0x00000000c4100000, 0x00000000eab00000)
  object space 66560K, 22% used [0x00000000c0000000,0x00000000c0e91608,0x00000000c4100000)
 Metaspace       used 33023K, capacity 33592K, committed 33920K, reserved 1079296K
  class space    used 4526K, capacity 4678K, committed 4736K, reserved 1048576K
Event: 53.284 GC heap after
Heap after GC invocations=6 (full 1):
 PSYoungGen      total 132096K, used 5092K [0x00000000eab00000, 0x00000000f4780000, 0x0000000100000000)
  eden space 126976K, 0% used [0x00000000eab00000,0x00000000eab00000,0x00000000f2700000)
  from space 5120K, 99% used [0x00000000f2700000,0x00000000f2bf9030,0x00000000f2c00000)
  to   space 13312K, 0% used [0x00000000f3a80000,0x00000000f3a80000,0x00000000f4780000)
 ParOldGen       total 66560K, used 20377K [0x00000000c0000000, 0x00000000c4100000, 0x00000000eab00000)
  object space 66560K, 30% used [0x00000000c0000000,0x00000000c13e66a0,0x00000000c4100000)
 Metaspace       used 33023K, capacity 33592K, committed 33920K, reserved 1079296K
  class space    used 4526K, capacity 4678K, committed 4736K, reserved 1048576K
}
Event: 53.824 GC heap before
{Heap before GC invocations=7 (full 1):
 PSYoungGen      total 132096K, used 49691K [0x00000000eab00000, 0x00000000f4780000, 0x0000000100000000)
  eden space 126976K, 35% used [0x00000000eab00000,0x00000000ed68df80,0x00000000f2700000)
  from space 5120K, 99% used [0x00000000f2700000,0x00000000f2bf9030,0x00000000f2c00000)
  to   space 13312K, 0% used [0x00000000f3a80000,0x00000000f3a80000,0x00000000f4780000)
 ParOldGen       total 66560K, used 20377K [0x00000000c0000000, 0x00000000c4100000, 0x00000000eab00000)
  object space 66560K, 30% used [0x00000000c0000000,0x00000000c13e66a0,0x00000000c4100000)
 Metaspace       used 34721K, capacity 35254K, committed 35416K, reserved 1079296K
  class space    used 4746K, capacity 4911K, committed 4952K, reserved 1048576K
Event: 53.976 GC heap after
Heap after GC invocations=7 (full 1):
 PSYoungGen      total 147456K, used 7932K [0x00000000eab00000, 0x00000000f8f00000, 0x0000000100000000)
  eden space 134144K, 0% used [0x00000000eab00000,0x00000000eab00000,0x00000000f2e00000)
  from space 13312K, 59% used [0x00000000f3a80000,0x00000000f423f2c8,0x00000000f4780000)
  to   space 12800K, 0% used [0x00000000f2e00000,0x00000000f2e00000,0x00000000f3a80000)
 ParOldGen       total 66560K, used 20385K [0x00000000c0000000, 0x00000000c4100000, 0x00000000eab00000)
  object space 66560K, 30% used [0x00000000c0000000,0x00000000c13e86a0,0x00000000c4100000)
 Metaspace       used 34721K, capacity 35254K, committed 35416K, reserved 1079296K
  class space    used 4746K, capacity 4911K, committed 4952K, reserved 1048576K
}
Event: 53.976 GC heap before
{Heap before GC invocations=8 (full 2):
 PSYoungGen      total 147456K, used 7932K [0x00000000eab00000, 0x00000000f8f00000, 0x0000000100000000)
  eden space 134144K, 0% used [0x00000000eab00000,0x00000000eab00000,0x00000000f2e00000)
  from space 13312K, 59% used [0x00000000f3a80000,0x00000000f423f2c8,0x00000000f4780000)
  to   space 12800K, 0% used [0x00000000f2e00000,0x00000000f2e00000,0x00000000f3a80000)
 ParOldGen       total 66560K, used 20385K [0x00000000c0000000, 0x00000000c4100000, 0x00000000eab00000)
  object space 66560K, 30% used [0x00000000c0000000,0x00000000c13e86a0,0x00000000c4100000)
 Metaspace       used 34721K, capacity 35254K, committed 35416K, reserved 1079296K
  class space    used 4746K, capacity 4911K, committed 4952K, reserved 1048576K
Event: 54.278 GC heap after
Heap after GC invocations=8 (full 2):
 PSYoungGen      total 147456K, used 0K [0x00000000eab00000, 0x00000000f8f00000, 0x0000000100000000)
  eden space 134144K, 0% used [0x00000000eab00000,0x00000000eab00000,0x00000000f2e00000)
  from space 13312K, 0% used [0x00000000f3a80000,0x00000000f3a80000,0x00000000f4780000)
  to   space 12800K, 0% used [0x00000000f2e00000,0x00000000f2e00000,0x00000000f3a80000)
 ParOldGen       total 84992K, used 19392K [0x00000000c0000000, 0x00000000c5300000, 0x00000000eab00000)
  object space 84992K, 22% used [0x00000000c0000000,0x00000000c12f03f0,0x00000000c5300000)
 Metaspace       used 34721K, capacity 35254K, committed 35416K, reserved 1079296K
  class space    used 4746K, capacity 4911K, committed 4952K, reserved 1048576K
}
Event: 60.605 GC heap before
{Heap before GC invocations=9 (full 2):
 PSYoungGen      total 147456K, used 134144K [0x00000000eab00000, 0x00000000f8f00000, 0x0000000100000000)
  eden space 134144K, 100% used [0x00000000eab00000,0x00000000f2e00000,0x00000000f2e00000)
  from space 13312K, 0% used [0x00000000f3a80000,0x00000000f3a80000,0x00000000f4780000)
  to   space 12800K, 0% used [0x00000000f2e00000,0x00000000f2e00000,0x00000000f3a80000)
 ParOldGen       total 84992K, used 19392K [0x00000000c0000000, 0x00000000c5300000, 0x00000000eab00000)
  object space 84992K, 22% used [0x00000000c0000000,0x00000000c12f03f0,0x00000000c5300000)
 Metaspace       used 42602K, capacity 43426K, committed 43736K, reserved 1087488K
  class space    used 5815K, capacity 6052K, committed 6104K, reserved 1048576K
Event: 60.618 GC heap after
Heap after GC invocations=9 (full 2):
 PSYoungGen      total 146944K, used 11722K [0x00000000eab00000, 0x00000000fa480000, 0x0000000100000000)
  eden space 134144K, 0% used [0x00000000eab00000,0x00000000eab00000,0x00000000f2e00000)
  from space 12800K, 91% used [0x00000000f2e00000,0x00000000f3972a80,0x00000000f3a80000)
  to   space 13824K, 0% used [0x00000000f9700000,0x00000000f9700000,0x00000000fa480000)
 ParOldGen       total 84992K, used 19400K [0x00000000c0000000, 0x00000000c5300000, 0x00000000eab00000)
  object space 84992K, 22% used [0x00000000c0000000,0x00000000c12f23f0,0x00000000c5300000)
 Metaspace       used 42602K, capacity 43426K, committed 43736K, reserved 1087488K
  class space    used 5815K, capacity 6052K, committed 6104K, reserved 1048576K
}

