# JRE version: Java(TM) SE Runtime Environment (8.0_101-b13) (build 1.8.0_101-b13)
# Java VM: Java HotSpot(TM) 64-Bit Server VM (25.101-b13 mixed mode windows-amd64 compressed oops)
Heap:
 PSYoungGen      total 240640K, used 61972K [0x00000000eab00000, 0x00000000fa400000, 0x0000000100000000)
  eden space 228352K, 22% used [0x00000000eab00000,0x00000000edcaa0f0,0x00000000f8a00000)
  from space 12288K, 90% used [0x00000000f9780000,0x00000000fa25b1a8,0x00000000fa380000)
  to   space 13312K, 0% used [0x00000000f8a00000,0x00000000f8a00000,0x00000000f9700000)
 ParOldGen       total 59904K, used 17818K [0x00000000c0000000, 0x00000000c3a80000, 0x00000000eab00000)
  object space 59904K, 29% used [0x00000000c0000000,0x00000000c1166ae8,0x00000000c3a80000)
 Metaspace       used 45437K, capacity 46494K, committed 46680K, reserved 1089536K
  class space    used 6215K, capacity 6463K, committed 6488K, reserved 1048576K
GC Heap History (10 events):
Event: 14.045 GC heap before
{Heap before GC invocations=6 (full 1):
 PSYoungGen      total 68608K, used 63488K [0x00000000eab00000, 0x00000000ef300000, 0x0000000100000000)
  eden space 63488K, 100% used [0x00000000eab00000,0x00000000ee900000,0x00000000ee900000)
  from space 5120K, 0% used [0x00000000eee00000,0x00000000eee00000,0x00000000ef300000)
  to   space 5120K, 0% used [0x00000000ee900000,0x00000000ee900000,0x00000000eee00000)
 ParOldGen       total 48640K, used 9451K [0x00000000c0000000, 0x00000000c2f80000, 0x00000000eab00000)
  object space 48640K, 19% used [0x00000000c0000000,0x00000000c093aff0,0x00000000c2f80000)
 Metaspace       used 25939K, capacity 26304K, committed 26624K, reserved 1073152K
  class space    used 3655K, capacity 3757K, committed 3840K, reserved 1048576K
Event: 14.070 GC heap after
Heap after GC invocations=6 (full 1):
 PSYoungGen      total 68608K, used 5096K [0x00000000eab00000, 0x00000000f3800000, 0x0000000100000000)
  eden space 63488K, 0% used [0x00000000eab00000,0x00000000eab00000,0x00000000ee900000)
  from space 5120K, 99% used [0x00000000ee900000,0x00000000eedfa308,0x00000000eee00000)
  to   space 10752K, 0% used [0x00000000f2d80000,0x00000000f2d80000,0x00000000f3800000)
 ParOldGen       total 48640K, used 12121K [0x00000000c0000000, 0x00000000c2f80000, 0x00000000eab00000)
  object space 48640K, 24% used [0x00000000c0000000,0x00000000c0bd64e0,0x00000000c2f80000)
 Metaspace       used 25939K, capacity 26304K, committed 26624K, reserved 1073152K
  class space    used 3655K, capacity 3757K, committed 3840K, reserved 1048576K
}
Event: 29.922 GC heap before
{Heap before GC invocations=7 (full 1):
 PSYoungGen      total 68608K, used 68584K [0x00000000eab00000, 0x00000000f3800000, 0x0000000100000000)
  eden space 63488K, 100% used [0x00000000eab00000,0x00000000ee900000,0x00000000ee900000)
  from space 5120K, 99% used [0x00000000ee900000,0x00000000eedfa308,0x00000000eee00000)
  to   space 10752K, 0% used [0x00000000f2d80000,0x00000000f2d80000,0x00000000f3800000)
 ParOldGen       total 48640K, used 12121K [0x00000000c0000000, 0x00000000c2f80000, 0x00000000eab00000)
  object space 48640K, 24% used [0x00000000c0000000,0x00000000c0bd64e0,0x00000000c2f80000)
 Metaspace       used 29207K, capacity 29664K, committed 29824K, reserved 1075200K
  class space    used 4053K, capacity 4173K, committed 4224K, reserved 1048576K
Event: 29.931 GC heap after
Heap after GC invocations=7 (full 1):
 PSYoungGen      total 130560K, used 5994K [0x00000000eab00000, 0x00000000f3680000, 0x0000000100000000)
  eden space 121344K, 0% used [0x00000000eab00000,0x00000000eab00000,0x00000000f2180000)
  from space 9216K, 65% used [0x00000000f2d80000,0x00000000f335aa40,0x00000000f3680000)
  to   space 10752K, 0% used [0x00000000f2180000,0x00000000f2180000,0x00000000f2c00000)
 ParOldGen       total 48640K, used 12193K [0x00000000c0000000, 0x00000000c2f80000, 0x00000000eab00000)
  object space 48640K, 25% used [0x00000000c0000000,0x00000000c0be84f0,0x00000000c2f80000)
 Metaspace       used 29207K, capacity 29664K, committed 29824K, reserved 1075200K
  class space    used 4053K, capacity 4173K, committed 4224K, reserved 1048576K
}
Event: 34.469 GC heap before
{Heap before GC invocations=8 (full 1):
 PSYoungGen      total 130560K, used 78862K [0x00000000eab00000, 0x00000000f3680000, 0x0000000100000000)
  eden space 121344K, 60% used [0x00000000eab00000,0x00000000ef2291a0,0x00000000f2180000)
  from space 9216K, 65% used [0x00000000f2d80000,0x00000000f335aa40,0x00000000f3680000)
  to   space 10752K, 0% used [0x00000000f2180000,0x00000000f2180000,0x00000000f2c00000)
 ParOldGen       total 48640K, used 12193K [0x00000000c0000000, 0x00000000c2f80000, 0x00000000eab00000)
  object space 48640K, 25% used [0x00000000c0000000,0x00000000c0be84f0,0x00000000c2f80000)
 Metaspace       used 34737K, capacity 35254K, committed 35416K, reserved 1079296K
  class space    used 4751K, capacity 4911K, committed 4952K, reserved 1048576K
Event: 34.648 GC heap after
Heap after GC invocations=8 (full 1):
 PSYoungGen      total 132096K, used 10729K [0x00000000eab00000, 0x00000000fa380000, 0x0000000100000000)
  eden space 121344K, 0% used [0x00000000eab00000,0x00000000eab00000,0x00000000f2180000)
  from space 10752K, 99% used [0x00000000f2180000,0x00000000f2bfa418,0x00000000f2c00000)
  to   space 12288K, 0% used [0x00000000f9780000,0x00000000f9780000,0x00000000fa380000)
 ParOldGen       total 48640K, used 13121K [0x00000000c0000000, 0x00000000c2f80000, 0x00000000eab00000)
  object space 48640K, 26% used [0x00000000c0000000,0x00000000c0cd06e8,0x00000000c2f80000)
 Metaspace       used 34737K, capacity 35254K, committed 35416K, reserved 1079296K
  class space    used 4751K, capacity 4911K, committed 4952K, reserved 1048576K
}
Event: 34.648 GC heap before
{Heap before GC invocations=9 (full 2):
 PSYoungGen      total 132096K, used 10729K [0x00000000eab00000, 0x00000000fa380000, 0x0000000100000000)
  eden space 121344K, 0% used [0x00000000eab00000,0x00000000eab00000,0x00000000f2180000)
  from space 10752K, 99% used [0x00000000f2180000,0x00000000f2bfa418,0x00000000f2c00000)
  to   space 12288K, 0% used [0x00000000f9780000,0x00000000f9780000,0x00000000fa380000)
 ParOldGen       total 48640K, used 13121K [0x00000000c0000000, 0x00000000c2f80000, 0x00000000eab00000)
  object space 48640K, 26% used [0x00000000c0000000,0x00000000c0cd06e8,0x00000000c2f80000)
 Metaspace       used 34737K, capacity 35254K, committed 35416K, reserved 1079296K
  class space    used 4751K, capacity 4911K, committed 4952K, reserved 1048576K
Event: 34.808 GC heap after
Heap after GC invocations=9 (full 2):
 PSYoungGen      total 132096K, used 0K [0x00000000eab00000, 0x00000000fa380000, 0x0000000100000000)
  eden space 121344K, 0% used [0x00000000eab00000,0x00000000eab00000,0x00000000f2180000)
  from space 10752K, 0% used [0x00000000f2180000,0x00000000f2180000,0x00000000f2c00000)
  to   space 12288K, 0% used [0x00000000f9780000,0x00000000f9780000,0x00000000fa380000)
 ParOldGen       total 59904K, used 17810K [0x00000000c0000000, 0x00000000c3a80000, 0x00000000eab00000)
  object space 59904K, 29% used [0x00000000c0000000,0x00000000c1164ae8,0x00000000c3a80000)
 Metaspace       used 34737K, capacity 35254K, committed 35416K, reserved 1079296K
  class space    used 4751K, capacity 4911K, committed 4952K, reserved 1048576K
}
Event: 38.118 GC heap before
{Heap before GC invocations=10 (full 2):
 PSYoungGen      total 132096K, used 121344K [0x00000000eab00000, 0x00000000fa380000, 0x0000000100000000)
  eden space 121344K, 100% used [0x00000000eab00000,0x00000000f2180000,0x00000000f2180000)
  from space 10752K, 0% used [0x00000000f2180000,0x00000000f2180000,0x00000000f2c00000)
  to   space 12288K, 0% used [0x00000000f9780000,0x00000000f9780000,0x00000000fa380000)
 ParOldGen       total 59904K, used 17810K [0x00000000c0000000, 0x00000000c3a80000, 0x00000000eab00000)
  object space 59904K, 29% used [0x00000000c0000000,0x00000000c1164ae8,0x00000000c3a80000)
 Metaspace       used 42565K, capacity 43362K, committed 43480K, reserved 1087488K
  class space    used 5823K, capacity 6052K, committed 6104K, reserved 1048576K
Event: 38.155 GC heap after
Heap after GC invocations=10 (full 2):
 PSYoungGen      total 240640K, used 11116K [0x00000000eab00000, 0x00000000fa400000, 0x0000000100000000)
  eden space 228352K, 0% used [0x00000000eab00000,0x00000000eab00000,0x00000000f8a00000)
  from space 12288K, 90% used [0x00000000f9780000,0x00000000fa25b1a8,0x00000000fa380000)
  to   space 13312K, 0% used [0x00000000f8a00000,0x00000000f8a00000,0x00000000f9700000)
 ParOldGen       total 59904K, used 17818K [0x00000000c0000000, 0x00000000c3a80000, 0x00000000eab00000)
  object space 59904K, 29% used [0x00000000c0000000,0x00000000c1166ae8,0x00000000c3a80000)
 Metaspace       used 42565K, capacity 43362K, committed 43480K, reserved 1087488K
  class space    used 5823K, capacity 6052K, committed 6104K, reserved 1048576K
}

