# JRE version: Java(TM) SE Runtime Environment (8.0_101-b13) (build 1.8.0_101-b13)
# Java VM: Java HotSpot(TM) 64-Bit Server VM (25.101-b13 mixed mode windows-amd64 compressed oops)
Heap:
 PSYoungGen      total 200704K, used 113311K [0x00000000eab00000, 0x00000000f9080000, 0x0000000100000000)
  eden space 180736K, 57% used [0x00000000eab00000,0x00000000f109c208,0x00000000f5b80000)
  from space 19968K, 46% used [0x00000000f6e00000,0x00000000f770bb20,0x00000000f8180000)
  to   space 18944K, 0% used [0x00000000f5b80000,0x00000000f5b80000,0x00000000f6e00000)
 ParOldGen       total 79872K, used 42843K [0x00000000c0000000, 0x00000000c4e00000, 0x00000000eab00000)
  object space 79872K, 53% used [0x00000000c0000000,0x00000000c29d6e68,0x00000000c4e00000)
 Metaspace       used 59951K, capacity 62232K, committed 62336K, reserved 1103872K
  class space    used 8197K, capacity 8788K, committed 8832K, reserved 1048576K
GC Heap History (10 events):
Event: 26.163 GC heap before
{Heap before GC invocations=13 (full 2):
 PSYoungGen      total 131584K, used 131508K [0x00000000eab00000, 0x00000000f4600000, 0x0000000100000000)
  eden space 122880K, 100% used [0x00000000eab00000,0x00000000f2300000,0x00000000f2300000)
  from space 8704K, 99% used [0x00000000f3d80000,0x00000000f45ed068,0x00000000f4600000)
  to   space 11264K, 0% used [0x00000000f3000000,0x00000000f3000000,0x00000000f3b00000)
 ParOldGen       total 79872K, used 16744K [0x00000000c0000000, 0x00000000c4e00000, 0x00000000eab00000)
  object space 79872K, 20% used [0x00000000c0000000,0x00000000c105a090,0x00000000c4e00000)
 Metaspace       used 48334K, capacity 49450K, committed 49536K, reserved 1091584K
  class space    used 6623K, capacity 6961K, committed 7040K, reserved 1048576K
Event: 26.195 GC heap after
Heap after GC invocations=13 (full 2):
 PSYoungGen      total 147456K, used 11251K [0x00000000eab00000, 0x00000000f6480000, 0x0000000100000000)
  eden space 136192K, 0% used [0x00000000eab00000,0x00000000eab00000,0x00000000f3000000)
  from space 11264K, 99% used [0x00000000f3000000,0x00000000f3afcd80,0x00000000f3b00000)
  to   space 15360K, 0% used [0x00000000f5580000,0x00000000f5580000,0x00000000f6480000)
 ParOldGen       total 79872K, used 23677K [0x00000000c0000000, 0x00000000c4e00000, 0x00000000eab00000)
  object space 79872K, 29% used [0x00000000c0000000,0x00000000c171f458,0x00000000c4e00000)
 Metaspace       used 48334K, capacity 49450K, committed 49536K, reserved 1091584K
  class space    used 6623K, capacity 6961K, committed 7040K, reserved 1048576K
}
Event: 30.644 GC heap before
{Heap before GC invocations=14 (full 2):
 PSYoungGen      total 147456K, used 147443K [0x00000000eab00000, 0x00000000f6480000, 0x0000000100000000)
  eden space 136192K, 100% used [0x00000000eab00000,0x00000000f3000000,0x00000000f3000000)
  from space 11264K, 99% used [0x00000000f3000000,0x00000000f3afcd80,0x00000000f3b00000)
  to   space 15360K, 0% used [0x00000000f5580000,0x00000000f5580000,0x00000000f6480000)
 ParOldGen       total 79872K, used 23677K [0x00000000c0000000, 0x00000000c4e00000, 0x00000000eab00000)
  object space 79872K, 29% used [0x00000000c0000000,0x00000000c171f458,0x00000000c4e00000)
 Metaspace       used 54221K, capacity 55972K, committed 56192K, reserved 1097728K
  class space    used 7541K, capacity 7940K, committed 8064K, reserved 1048576K
Event: 30.754 GC heap after
Heap after GC invocations=14 (full 2):
 PSYoungGen      total 169472K, used 15349K [0x00000000eab00000, 0x00000000f8280000, 0x0000000100000000)
  eden space 154112K, 0% used [0x00000000eab00000,0x00000000eab00000,0x00000000f4180000)
  from space 15360K, 99% used [0x00000000f5580000,0x00000000f647d6e0,0x00000000f6480000)
  to   space 20480K, 0% used [0x00000000f4180000,0x00000000f4180000,0x00000000f5580000)
 ParOldGen       total 79872K, used 31725K [0x00000000c0000000, 0x00000000c4e00000, 0x00000000eab00000)
  object space 79872K, 39% used [0x00000000c0000000,0x00000000c1efb7b8,0x00000000c4e00000)
 Metaspace       used 54221K, capacity 55972K, committed 56192K, reserved 1097728K
  class space    used 7541K, capacity 7940K, committed 8064K, reserved 1048576K
}
Event: 31.472 GC heap before
{Heap before GC invocations=15 (full 2):
 PSYoungGen      total 169472K, used 53830K [0x00000000eab00000, 0x00000000f8280000, 0x0000000100000000)
  eden space 154112K, 24% used [0x00000000eab00000,0x00000000ed094430,0x00000000f4180000)
  from space 15360K, 99% used [0x00000000f5580000,0x00000000f647d6e0,0x00000000f6480000)
  to   space 20480K, 0% used [0x00000000f4180000,0x00000000f4180000,0x00000000f5580000)
 ParOldGen       total 79872K, used 31725K [0x00000000c0000000, 0x00000000c4e00000, 0x00000000eab00000)
  object space 79872K, 39% used [0x00000000c0000000,0x00000000c1efb7b8,0x00000000c4e00000)
 Metaspace       used 55153K, capacity 57102K, committed 57344K, reserved 1097728K
  class space    used 7695K, capacity 8174K, committed 8192K, reserved 1048576K
Event: 31.590 GC heap after
Heap after GC invocations=15 (full 2):
 PSYoungGen      total 174592K, used 4715K [0x00000000eab00000, 0x00000000f8180000, 0x0000000100000000)
  eden space 154112K, 0% used [0x00000000eab00000,0x00000000eab00000,0x00000000f4180000)
  from space 20480K, 23% used [0x00000000f4180000,0x00000000f461acc8,0x00000000f5580000)
  to   space 19968K, 0% used [0x00000000f6e00000,0x00000000f6e00000,0x00000000f8180000)
 ParOldGen       total 79872K, used 44677K [0x00000000c0000000, 0x00000000c4e00000, 0x00000000eab00000)
  object space 79872K, 55% used [0x00000000c0000000,0x00000000c2ba1520,0x00000000c4e00000)
 Metaspace       used 55153K, capacity 57102K, committed 57344K, reserved 1097728K
  class space    used 7695K, capacity 8174K, committed 8192K, reserved 1048576K
}
Event: 31.590 GC heap before
{Heap before GC invocations=16 (full 3):
 PSYoungGen      total 174592K, used 4715K [0x00000000eab00000, 0x00000000f8180000, 0x0000000100000000)
  eden space 154112K, 0% used [0x00000000eab00000,0x00000000eab00000,0x00000000f4180000)
  from space 20480K, 23% used [0x00000000f4180000,0x00000000f461acc8,0x00000000f5580000)
  to   space 19968K, 0% used [0x00000000f6e00000,0x00000000f6e00000,0x00000000f8180000)
 ParOldGen       total 79872K, used 44677K [0x00000000c0000000, 0x00000000c4e00000, 0x00000000eab00000)
  object space 79872K, 55% used [0x00000000c0000000,0x00000000c2ba1520,0x00000000c4e00000)
 Metaspace       used 55153K, capacity 57102K, committed 57344K, reserved 1097728K
  class space    used 7695K, capacity 8174K, committed 8192K, reserved 1048576K
Event: 32.184 GC heap after
Heap after GC invocations=16 (full 3):
 PSYoungGen      total 174592K, used 0K [0x00000000eab00000, 0x00000000f8180000, 0x0000000100000000)
  eden space 154112K, 0% used [0x00000000eab00000,0x00000000eab00000,0x00000000f4180000)
  from space 20480K, 0% used [0x00000000f4180000,0x00000000f4180000,0x00000000f5580000)
  to   space 19968K, 0% used [0x00000000f6e00000,0x00000000f6e00000,0x00000000f8180000)
 ParOldGen       total 79872K, used 42835K [0x00000000c0000000, 0x00000000c4e00000, 0x00000000eab00000)
  object space 79872K, 53% used [0x00000000c0000000,0x00000000c29d4e68,0x00000000c4e00000)
 Metaspace       used 55153K, capacity 57102K, committed 57344K, reserved 1097728K
  class space    used 7695K, capacity 8174K, committed 8192K, reserved 1048576K
}
Event: 80.269 GC heap before
{Heap before GC invocations=17 (full 3):
 PSYoungGen      total 174592K, used 154112K [0x00000000eab00000, 0x00000000f8180000, 0x0000000100000000)
  eden space 154112K, 100% used [0x00000000eab00000,0x00000000f4180000,0x00000000f4180000)
  from space 20480K, 0% used [0x00000000f4180000,0x00000000f4180000,0x00000000f5580000)
  to   space 19968K, 0% used [0x00000000f6e00000,0x00000000f6e00000,0x00000000f8180000)
 ParOldGen       total 79872K, used 42835K [0x00000000c0000000, 0x00000000c4e00000, 0x00000000eab00000)
  object space 79872K, 53% used [0x00000000c0000000,0x00000000c29d4e68,0x00000000c4e00000)
 Metaspace       used 58730K, capacity 61000K, committed 61184K, reserved 1101824K
  class space    used 8087K, capacity 8684K, committed 8704K, reserved 1048576K
Event: 80.286 GC heap after
Heap after GC invocations=17 (full 3):
 PSYoungGen      total 200704K, used 9262K [0x00000000eab00000, 0x00000000f9080000, 0x0000000100000000)
  eden space 180736K, 0% used [0x00000000eab00000,0x00000000eab00000,0x00000000f5b80000)
  from space 19968K, 46% used [0x00000000f6e00000,0x00000000f770bb20,0x00000000f8180000)
  to   space 18944K, 0% used [0x00000000f5b80000,0x00000000f5b80000,0x00000000f6e00000)
 ParOldGen       total 79872K, used 42843K [0x00000000c0000000, 0x00000000c4e00000, 0x00000000eab00000)
  object space 79872K, 53% used [0x00000000c0000000,0x00000000c29d6e68,0x00000000c4e00000)
 Metaspace       used 58730K, capacity 61000K, committed 61184K, reserved 1101824K
  class space    used 8087K, capacity 8684K, committed 8704K, reserved 1048576K
}

