# JRE version: Java(TM) SE Runtime Environment (8.0_101-b13) (build 1.8.0_101-b13)
# Java VM: Java HotSpot(TM) 64-Bit Server VM (25.101-b13 mixed mode windows-amd64 compressed oops)
Heap:
 PSYoungGen      total 211968K, used 15969K [0x00000000eab00000, 0x00000000f9480000, 0x0000000100000000)
  eden space 188928K, 8% used [0x00000000eab00000,0x00000000eba98430,0x00000000f6380000)
  from space 23040K, 0% used [0x00000000f7a80000,0x00000000f7a80000,0x00000000f9100000)
  to   space 23552K, 0% used [0x00000000f6380000,0x00000000f6380000,0x00000000f7a80000)
 ParOldGen       total 88064K, used 36756K [0x00000000c0000000, 0x00000000c5600000, 0x00000000eab00000)
  object space 88064K, 41% used [0x00000000c0000000,0x00000000c23e53f0,0x00000000c5600000)
 Metaspace       used 60411K, capacity 61840K, committed 62040K, reserved 1103872K
  class space    used 8133K, capacity 8456K, committed 8576K, reserved 1048576K
GC Heap History (10 events):
Event: 47.788 GC heap before
{Heap before GC invocations=12 (full 2):
 PSYoungGen      total 154624K, used 154031K [0x00000000eab00000, 0x00000000f5500000, 0x0000000100000000)
  eden space 142848K, 99% used [0x00000000eab00000,0x00000000f35eccb8,0x00000000f3680000)
  from space 11776K, 99% used [0x00000000f3e00000,0x00000000f497f048,0x00000000f4980000)
  to   space 8704K, 0% used [0x00000000f4c80000,0x00000000f4c80000,0x00000000f5500000)
 ParOldGen       total 88064K, used 24993K [0x00000000c0000000, 0x00000000c5600000, 0x00000000eab00000)
  object space 88064K, 28% used [0x00000000c0000000,0x00000000c1868768,0x00000000c5600000)
 Metaspace       used 57180K, capacity 58546K, committed 58624K, reserved 1099776K
  class space    used 7805K, capacity 8159K, committed 8192K, reserved 1048576K
Event: 47.822 GC heap after
Heap after GC invocations=12 (full 2):
 PSYoungGen      total 152064K, used 8674K [0x00000000eab00000, 0x00000000f8500000, 0x0000000100000000)
  eden space 143360K, 0% used [0x00000000eab00000,0x00000000eab00000,0x00000000f3700000)
  from space 8704K, 99% used [0x00000000f4c80000,0x00000000f54f88c0,0x00000000f5500000)
  to   space 22016K, 0% used [0x00000000f3700000,0x00000000f3700000,0x00000000f4c80000)
 ParOldGen       total 88064K, used 42053K [0x00000000c0000000, 0x00000000c5600000, 0x00000000eab00000)
  object space 88064K, 47% used [0x00000000c0000000,0x00000000c2911418,0x00000000c5600000)
 Metaspace       used 57180K, capacity 58546K, committed 58624K, reserved 1099776K
  class space    used 7805K, capacity 8159K, committed 8192K, reserved 1048576K
}
Event: 48.355 GC heap before
{Heap before GC invocations=13 (full 2):
 PSYoungGen      total 152064K, used 36806K [0x00000000eab00000, 0x00000000f8500000, 0x0000000100000000)
  eden space 143360K, 19% used [0x00000000eab00000,0x00000000ec679040,0x00000000f3700000)
  from space 8704K, 99% used [0x00000000f4c80000,0x00000000f54f88c0,0x00000000f5500000)
  to   space 22016K, 0% used [0x00000000f3700000,0x00000000f3700000,0x00000000f4c80000)
 ParOldGen       total 88064K, used 42053K [0x00000000c0000000, 0x00000000c5600000, 0x00000000eab00000)
  object space 88064K, 47% used [0x00000000c0000000,0x00000000c2911418,0x00000000c5600000)
 Metaspace       used 57721K, capacity 59026K, committed 59096K, reserved 1099776K
  class space    used 7845K, capacity 8191K, committed 8192K, reserved 1048576K
Event: 48.376 GC heap after
Heap after GC invocations=13 (full 2):
 PSYoungGen      total 165376K, used 17210K [0x00000000eab00000, 0x00000000f9100000, 0x0000000100000000)
  eden space 143360K, 0% used [0x00000000eab00000,0x00000000eab00000,0x00000000f3700000)
  from space 22016K, 78% used [0x00000000f3700000,0x00000000f47ce9c0,0x00000000f4c80000)
  to   space 23040K, 0% used [0x00000000f7a80000,0x00000000f7a80000,0x00000000f9100000)
 ParOldGen       total 88064K, used 42053K [0x00000000c0000000, 0x00000000c5600000, 0x00000000eab00000)
  object space 88064K, 47% used [0x00000000c0000000,0x00000000c2911418,0x00000000c5600000)
 Metaspace       used 57721K, capacity 59026K, committed 59096K, reserved 1099776K
  class space    used 7845K, capacity 8191K, committed 8192K, reserved 1048576K
}
Event: 48.376 GC heap before
{Heap before GC invocations=14 (full 3):
 PSYoungGen      total 165376K, used 17210K [0x00000000eab00000, 0x00000000f9100000, 0x0000000100000000)
  eden space 143360K, 0% used [0x00000000eab00000,0x00000000eab00000,0x00000000f3700000)
  from space 22016K, 78% used [0x00000000f3700000,0x00000000f47ce9c0,0x00000000f4c80000)
  to   space 23040K, 0% used [0x00000000f7a80000,0x00000000f7a80000,0x00000000f9100000)
 ParOldGen       total 88064K, used 42053K [0x00000000c0000000, 0x00000000c5600000, 0x00000000eab00000)
  object space 88064K, 47% used [0x00000000c0000000,0x00000000c2911418,0x00000000c5600000)
 Metaspace       used 57721K, capacity 59026K, committed 59096K, reserved 1099776K
  class space    used 7845K, capacity 8191K, committed 8192K, reserved 1048576K
Event: 48.770 GC heap after
Heap after GC invocations=14 (full 3):
 PSYoungGen      total 165376K, used 0K [0x00000000eab00000, 0x00000000f9100000, 0x0000000100000000)
  eden space 143360K, 0% used [0x00000000eab00000,0x00000000eab00000,0x00000000f3700000)
  from space 22016K, 0% used [0x00000000f3700000,0x00000000f3700000,0x00000000f4c80000)
  to   space 23040K, 0% used [0x00000000f7a80000,0x00000000f7a80000,0x00000000f9100000)
 ParOldGen       total 88064K, used 47957K [0x00000000c0000000, 0x00000000c5600000, 0x00000000eab00000)
  object space 88064K, 54% used [0x00000000c0000000,0x00000000c2ed54c0,0x00000000c5600000)
 Metaspace       used 57719K, capacity 59020K, committed 59096K, reserved 1099776K
  class space    used 7845K, capacity 8190K, committed 8192K, reserved 1048576K
}
Event: 51.507 GC heap before
{Heap before GC invocations=15 (full 3):
 PSYoungGen      total 165376K, used 39021K [0x00000000eab00000, 0x00000000f9100000, 0x0000000100000000)
  eden space 143360K, 27% used [0x00000000eab00000,0x00000000ed11b608,0x00000000f3700000)
  from space 22016K, 0% used [0x00000000f3700000,0x00000000f3700000,0x00000000f4c80000)
  to   space 23040K, 0% used [0x00000000f7a80000,0x00000000f7a80000,0x00000000f9100000)
 ParOldGen       total 88064K, used 47957K [0x00000000c0000000, 0x00000000c5600000, 0x00000000eab00000)
  object space 88064K, 54% used [0x00000000c0000000,0x00000000c2ed54c0,0x00000000c5600000)
 Metaspace       used 60227K, capacity 61568K, committed 61656K, reserved 1101824K
  class space    used 8110K, capacity 8432K, committed 8448K, reserved 1048576K
Event: 51.512 GC heap after
Heap after GC invocations=15 (full 3):
 PSYoungGen      total 211968K, used 2680K [0x00000000eab00000, 0x00000000f9480000, 0x0000000100000000)
  eden space 188928K, 0% used [0x00000000eab00000,0x00000000eab00000,0x00000000f6380000)
  from space 23040K, 11% used [0x00000000f7a80000,0x00000000f7d1e1f8,0x00000000f9100000)
  to   space 23552K, 0% used [0x00000000f6380000,0x00000000f6380000,0x00000000f7a80000)
 ParOldGen       total 88064K, used 47965K [0x00000000c0000000, 0x00000000c5600000, 0x00000000eab00000)
  object space 88064K, 54% used [0x00000000c0000000,0x00000000c2ed74c0,0x00000000c5600000)
 Metaspace       used 60227K, capacity 61568K, committed 61656K, reserved 1101824K
  class space    used 8110K, capacity 8432K, committed 8448K, reserved 1048576K
}
Event: 51.513 GC heap before
{Heap before GC invocations=16 (full 4):
 PSYoungGen      total 211968K, used 2680K [0x00000000eab00000, 0x00000000f9480000, 0x0000000100000000)
  eden space 188928K, 0% used [0x00000000eab00000,0x00000000eab00000,0x00000000f6380000)
  from space 23040K, 11% used [0x00000000f7a80000,0x00000000f7d1e1f8,0x00000000f9100000)
  to   space 23552K, 0% used [0x00000000f6380000,0x00000000f6380000,0x00000000f7a80000)
 ParOldGen       total 88064K, used 47965K [0x00000000c0000000, 0x00000000c5600000, 0x00000000eab00000)
  object space 88064K, 54% used [0x00000000c0000000,0x00000000c2ed74c0,0x00000000c5600000)
 Metaspace       used 60227K, capacity 61568K, committed 61656K, reserved 1101824K
  class space    used 8110K, capacity 8432K, committed 8448K, reserved 1048576K
Event: 51.861 GC heap after
Heap after GC invocations=16 (full 4):
 PSYoungGen      total 211968K, used 0K [0x00000000eab00000, 0x00000000f9480000, 0x0000000100000000)
  eden space 188928K, 0% used [0x00000000eab00000,0x00000000eab00000,0x00000000f6380000)
  from space 23040K, 0% used [0x00000000f7a80000,0x00000000f7a80000,0x00000000f9100000)
  to   space 23552K, 0% used [0x00000000f6380000,0x00000000f6380000,0x00000000f7a80000)
 ParOldGen       total 88064K, used 36756K [0x00000000c0000000, 0x00000000c5600000, 0x00000000eab00000)
  object space 88064K, 41% used [0x00000000c0000000,0x00000000c23e53f0,0x00000000c5600000)
 Metaspace       used 60227K, capacity 61568K, committed 61656K, reserved 1101824K
  class space    used 8110K, capacity 8432K, committed 8448K, reserved 1048576K
}

