# JRE version: Java(TM) SE Runtime Environment (8.0_101-b13) (build 1.8.0_101-b13)
# Java VM: Java HotSpot(TM) 64-Bit Server VM (25.101-b13 mixed mode windows-amd64 compressed oops)
Heap:
 PSYoungGen      total 324608K, used 91887K [0x00000000eab00000, 0x0000000100000000, 0x0000000100000000)
  eden space 300032K, 26% used [0x00000000eab00000,0x00000000ef731520,0x00000000fd000000)
  from space 24576K, 56% used [0x00000000fd000000,0x00000000fdd8a9b0,0x00000000fe800000)
  to   space 24576K, 0% used [0x00000000fe800000,0x00000000fe800000,0x0000000100000000)
 ParOldGen       total 104960K, used 38265K [0x00000000c0000000, 0x00000000c6680000, 0x00000000eab00000)
  object space 104960K, 36% used [0x00000000c0000000,0x00000000c255e7b0,0x00000000c6680000)
 Metaspace       used 64306K, capacity 65998K, committed 66136K, reserved 1105920K
  class space    used 8344K, capacity 8767K, committed 8832K, reserved 1048576K
GC Heap History (10 events):
Event: 38.523 GC heap before
{Heap before GC invocations=13 (full 3):
 PSYoungGen      total 307200K, used 16260K [0x00000000eab00000, 0x00000000ff880000, 0x0000000100000000)
  eden space 287232K, 0% used [0x00000000eab00000,0x00000000eab00000,0x00000000fc380000)
  from space 19968K, 81% used [0x00000000fd880000,0x00000000fe861270,0x00000000fec00000)
  to   space 21504K, 0% used [0x00000000fc380000,0x00000000fc380000,0x00000000fd880000)
 ParOldGen       total 64512K, used 36459K [0x00000000c0000000, 0x00000000c3f00000, 0x00000000eab00000)
  object space 64512K, 56% used [0x00000000c0000000,0x00000000c239ad98,0x00000000c3f00000)
 Metaspace       used 57676K, capacity 58958K, committed 59096K, reserved 1099776K
  class space    used 7846K, capacity 8163K, committed 8192K, reserved 1048576K
Event: 38.917 GC heap after
Heap after GC invocations=13 (full 3):
 PSYoungGen      total 307200K, used 0K [0x00000000eab00000, 0x00000000ff880000, 0x0000000100000000)
  eden space 287232K, 0% used [0x00000000eab00000,0x00000000eab00000,0x00000000fc380000)
  from space 19968K, 0% used [0x00000000fd880000,0x00000000fd880000,0x00000000fec00000)
  to   space 21504K, 0% used [0x00000000fc380000,0x00000000fc380000,0x00000000fd880000)
 ParOldGen       total 104960K, used 42165K [0x00000000c0000000, 0x00000000c6680000, 0x00000000eab00000)
  object space 104960K, 40% used [0x00000000c0000000,0x00000000c292d498,0x00000000c6680000)
 Metaspace       used 57676K, capacity 58958K, committed 59096K, reserved 1099776K
  class space    used 7846K, capacity 8163K, committed 8192K, reserved 1048576K
}
Event: 44.859 GC heap before
{Heap before GC invocations=14 (full 3):
 PSYoungGen      total 307200K, used 141239K [0x00000000eab00000, 0x00000000ff880000, 0x0000000100000000)
  eden space 287232K, 49% used [0x00000000eab00000,0x00000000f34edde0,0x00000000fc380000)
  from space 19968K, 0% used [0x00000000fd880000,0x00000000fd880000,0x00000000fec00000)
  to   space 21504K, 0% used [0x00000000fc380000,0x00000000fc380000,0x00000000fd880000)
 ParOldGen       total 104960K, used 42165K [0x00000000c0000000, 0x00000000c6680000, 0x00000000eab00000)
  object space 104960K, 40% used [0x00000000c0000000,0x00000000c292d498,0x00000000c6680000)
 Metaspace       used 61600K, capacity 63010K, committed 63320K, reserved 1103872K
  class space    used 8196K, capacity 8565K, committed 8576K, reserved 1048576K
Event: 44.900 GC heap after
Heap after GC invocations=14 (full 3):
 PSYoungGen      total 308736K, used 21497K [0x00000000eab00000, 0x0000000100000000, 0x0000000100000000)
  eden space 287232K, 0% used [0x00000000eab00000,0x00000000eab00000,0x00000000fc380000)
  from space 21504K, 99% used [0x00000000fc380000,0x00000000fd87e770,0x00000000fd880000)
  to   space 24576K, 0% used [0x00000000fe800000,0x00000000fe800000,0x0000000100000000)
 ParOldGen       total 104960K, used 42469K [0x00000000c0000000, 0x00000000c6680000, 0x00000000eab00000)
  object space 104960K, 40% used [0x00000000c0000000,0x00000000c29795f8,0x00000000c6680000)
 Metaspace       used 61600K, capacity 63010K, committed 63320K, reserved 1103872K
  class space    used 8196K, capacity 8565K, committed 8576K, reserved 1048576K
}
Event: 44.900 GC heap before
{Heap before GC invocations=15 (full 4):
 PSYoungGen      total 308736K, used 21497K [0x00000000eab00000, 0x0000000100000000, 0x0000000100000000)
  eden space 287232K, 0% used [0x00000000eab00000,0x00000000eab00000,0x00000000fc380000)
  from space 21504K, 99% used [0x00000000fc380000,0x00000000fd87e770,0x00000000fd880000)
  to   space 24576K, 0% used [0x00000000fe800000,0x00000000fe800000,0x0000000100000000)
 ParOldGen       total 104960K, used 42469K [0x00000000c0000000, 0x00000000c6680000, 0x00000000eab00000)
  object space 104960K, 40% used [0x00000000c0000000,0x00000000c29795f8,0x00000000c6680000)
 Metaspace       used 61600K, capacity 63010K, committed 63320K, reserved 1103872K
  class space    used 8196K, capacity 8565K, committed 8576K, reserved 1048576K
Event: 45.270 GC heap after
Heap after GC invocations=15 (full 4):
 PSYoungGen      total 308736K, used 0K [0x00000000eab00000, 0x0000000100000000, 0x0000000100000000)
  eden space 287232K, 0% used [0x00000000eab00000,0x00000000eab00000,0x00000000fc380000)
  from space 21504K, 0% used [0x00000000fc380000,0x00000000fc380000,0x00000000fd880000)
  to   space 24576K, 0% used [0x00000000fe800000,0x00000000fe800000,0x0000000100000000)
 ParOldGen       total 104960K, used 37900K [0x00000000c0000000, 0x00000000c6680000, 0x00000000eab00000)
  object space 104960K, 36% used [0x00000000c0000000,0x00000000c25032e0,0x00000000c6680000)
 Metaspace       used 61600K, capacity 63010K, committed 63320K, reserved 1103872K
  class space    used 8196K, capacity 8565K, committed 8576K, reserved 1048576K
}
Event: 98.478 GC heap before
{Heap before GC invocations=16 (full 4):
 PSYoungGen      total 308736K, used 287232K [0x00000000eab00000, 0x0000000100000000, 0x0000000100000000)
  eden space 287232K, 100% used [0x00000000eab00000,0x00000000fc380000,0x00000000fc380000)
  from space 21504K, 0% used [0x00000000fc380000,0x00000000fc380000,0x00000000fd880000)
  to   space 24576K, 0% used [0x00000000fe800000,0x00000000fe800000,0x0000000100000000)
 ParOldGen       total 104960K, used 37900K [0x00000000c0000000, 0x00000000c6680000, 0x00000000eab00000)
  object space 104960K, 36% used [0x00000000c0000000,0x00000000c25032e0,0x00000000c6680000)
 Metaspace       used 62738K, capacity 64270K, committed 64472K, reserved 1105920K
  class space    used 8243K, capacity 8615K, committed 8704K, reserved 1048576K
Event: 98.495 GC heap after
Heap after GC invocations=16 (full 4):
 PSYoungGen      total 324608K, used 4170K [0x00000000eab00000, 0x0000000100000000, 0x0000000100000000)
  eden space 300032K, 0% used [0x00000000eab00000,0x00000000eab00000,0x00000000fd000000)
  from space 24576K, 16% used [0x00000000fe800000,0x00000000fec12b20,0x0000000100000000)
  to   space 24576K, 0% used [0x00000000fd000000,0x00000000fd000000,0x00000000fe800000)
 ParOldGen       total 104960K, used 37908K [0x00000000c0000000, 0x00000000c6680000, 0x00000000eab00000)
  object space 104960K, 36% used [0x00000000c0000000,0x00000000c25052e0,0x00000000c6680000)
 Metaspace       used 62738K, capacity 64270K, committed 64472K, reserved 1105920K
  class space    used 8243K, capacity 8615K, committed 8704K, reserved 1048576K
}
Event: 215.758 GC heap before
{Heap before GC invocations=17 (full 4):
 PSYoungGen      total 324608K, used 304202K [0x00000000eab00000, 0x0000000100000000, 0x0000000100000000)
  eden space 300032K, 100% used [0x00000000eab00000,0x00000000fd000000,0x00000000fd000000)
  from space 24576K, 16% used [0x00000000fe800000,0x00000000fec12b20,0x0000000100000000)
  to   space 24576K, 0% used [0x00000000fd000000,0x00000000fd000000,0x00000000fe800000)
 ParOldGen       total 104960K, used 37908K [0x00000000c0000000, 0x00000000c6680000, 0x00000000eab00000)
  object space 104960K, 36% used [0x00000000c0000000,0x00000000c25052e0,0x00000000c6680000)
 Metaspace       used 64086K, capacity 65786K, committed 65880K, reserved 1105920K
  class space    used 8333K, capacity 8765K, committed 8832K, reserved 1048576K
Event: 215.799 GC heap after
Heap after GC invocations=17 (full 4):
 PSYoungGen      total 324608K, used 13866K [0x00000000eab00000, 0x0000000100000000, 0x0000000100000000)
  eden space 300032K, 0% used [0x00000000eab00000,0x00000000eab00000,0x00000000fd000000)
  from space 24576K, 56% used [0x00000000fd000000,0x00000000fdd8a9b0,0x00000000fe800000)
  to   space 24576K, 0% used [0x00000000fe800000,0x00000000fe800000,0x0000000100000000)
 ParOldGen       total 104960K, used 38265K [0x00000000c0000000, 0x00000000c6680000, 0x00000000eab00000)
  object space 104960K, 36% used [0x00000000c0000000,0x00000000c255e7b0,0x00000000c6680000)
 Metaspace       used 64086K, capacity 65786K, committed 65880K, reserved 1105920K
  class space    used 8333K, capacity 8765K, committed 8832K, reserved 1048576K
}

