# JRE version: Java(TM) SE Runtime Environment (8.0_101-b13) (build 1.8.0_101-b13)
# Java VM: Java HotSpot(TM) 64-Bit Server VM (25.101-b13 mixed mode windows-amd64 compressed oops)
Heap:
 PSYoungGen      total 318976K, used 105602K [0x00000000eab00000, 0x0000000100000000, 0x0000000100000000)
  eden space 288768K, 36% used [0x00000000eab00000,0x00000000f1220ae8,0x00000000fc500000)
  from space 30208K, 0% used [0x00000000fe280000,0x00000000fe280000,0x0000000100000000)
  to   space 30208K, 0% used [0x00000000fc500000,0x00000000fc500000,0x00000000fe280000)
 ParOldGen       total 82944K, used 40732K [0x00000000c0000000, 0x00000000c5100000, 0x00000000eab00000)
  object space 82944K, 49% used [0x00000000c0000000,0x00000000c27c7218,0x00000000c5100000)
 Metaspace       used 65998K, capacity 67754K, committed 67840K, reserved 1107968K
  class space    used 8487K, capacity 8895K, committed 8960K, reserved 1048576K
GC Heap History (10 events):
Event: 386.461 GC heap before
{Heap before GC invocations=15 (full 3):
 PSYoungGen      total 259072K, used 233374K [0x00000000eab00000, 0x00000000ffa80000, 0x0000000100000000)
  eden space 236032K, 91% used [0x00000000eab00000,0x00000000f7d4e3b0,0x00000000f9180000)
  from space 23040K, 78% used [0x00000000f9180000,0x00000000fa3197b8,0x00000000fa800000)
  to   space 24064K, 0% used [0x00000000fe300000,0x00000000fe300000,0x00000000ffa80000)
 ParOldGen       total 82944K, used 29558K [0x00000000c0000000, 0x00000000c5100000, 0x00000000eab00000)
  object space 82944K, 35% used [0x00000000c0000000,0x00000000c1cdd8b8,0x00000000c5100000)
 Metaspace       used 63696K, capacity 65294K, committed 65664K, reserved 1105920K
  class space    used 8362K, capacity 8729K, committed 8832K, reserved 1048576K
Event: 386.589 GC heap after
Heap after GC invocations=15 (full 3):
 PSYoungGen      total 312832K, used 24032K [0x00000000eab00000, 0x0000000100000000, 0x0000000100000000)
  eden space 288768K, 0% used [0x00000000eab00000,0x00000000eab00000,0x00000000fc500000)
  from space 24064K, 99% used [0x00000000fe300000,0x00000000ffa78248,0x00000000ffa80000)
  to   space 30208K, 0% used [0x00000000fc500000,0x00000000fc500000,0x00000000fe280000)
 ParOldGen       total 82944K, used 38028K [0x00000000c0000000, 0x00000000c5100000, 0x00000000eab00000)
  object space 82944K, 45% used [0x00000000c0000000,0x00000000c2523260,0x00000000c5100000)
 Metaspace       used 63696K, capacity 65294K, committed 65664K, reserved 1105920K
  class space    used 8362K, capacity 8729K, committed 8832K, reserved 1048576K
}
Event: 386.589 GC heap before
{Heap before GC invocations=16 (full 4):
 PSYoungGen      total 312832K, used 24032K [0x00000000eab00000, 0x0000000100000000, 0x0000000100000000)
  eden space 288768K, 0% used [0x00000000eab00000,0x00000000eab00000,0x00000000fc500000)
  from space 24064K, 99% used [0x00000000fe300000,0x00000000ffa78248,0x00000000ffa80000)
  to   space 30208K, 0% used [0x00000000fc500000,0x00000000fc500000,0x00000000fe280000)
 ParOldGen       total 82944K, used 38028K [0x00000000c0000000, 0x00000000c5100000, 0x00000000eab00000)
  object space 82944K, 45% used [0x00000000c0000000,0x00000000c2523260,0x00000000c5100000)
 Metaspace       used 63696K, capacity 65294K, committed 65664K, reserved 1105920K
  class space    used 8362K, capacity 8729K, committed 8832K, reserved 1048576K
Event: 387.206 GC heap after
Heap after GC invocations=16 (full 4):
 PSYoungGen      total 312832K, used 0K [0x00000000eab00000, 0x0000000100000000, 0x0000000100000000)
  eden space 288768K, 0% used [0x00000000eab00000,0x00000000eab00000,0x00000000fc500000)
  from space 24064K, 0% used [0x00000000fe300000,0x00000000fe300000,0x00000000ffa80000)
  to   space 30208K, 0% used [0x00000000fc500000,0x00000000fc500000,0x00000000fe280000)
 ParOldGen       total 82944K, used 59151K [0x00000000c0000000, 0x00000000c5100000, 0x00000000eab00000)
  object space 82944K, 71% used [0x00000000c0000000,0x00000000c39c3e20,0x00000000c5100000)
 Metaspace       used 63694K, capacity 65288K, committed 65664K, reserved 1105920K
  class space    used 8362K, capacity 8728K, committed 8832K, reserved 1048576K
}
Event: 902.719 GC heap before
{Heap before GC invocations=17 (full 4):
 PSYoungGen      total 312832K, used 288768K [0x00000000eab00000, 0x0000000100000000, 0x0000000100000000)
  eden space 288768K, 100% used [0x00000000eab00000,0x00000000fc500000,0x00000000fc500000)
  from space 24064K, 0% used [0x00000000fe300000,0x00000000fe300000,0x00000000ffa80000)
  to   space 30208K, 0% used [0x00000000fc500000,0x00000000fc500000,0x00000000fe280000)
 ParOldGen       total 82944K, used 59151K [0x00000000c0000000, 0x00000000c5100000, 0x00000000eab00000)
  object space 82944K, 71% used [0x00000000c0000000,0x00000000c39c3e20,0x00000000c5100000)
 Metaspace       used 65495K, capacity 67290K, committed 67584K, reserved 1107968K
  class space    used 8467K, capacity 8873K, committed 8960K, reserved 1048576K
Event: 902.729 GC heap after
Heap after GC invocations=17 (full 4):
 PSYoungGen      total 318976K, used 4884K [0x00000000eab00000, 0x0000000100000000, 0x0000000100000000)
  eden space 288768K, 0% used [0x00000000eab00000,0x00000000eab00000,0x00000000fc500000)
  from space 30208K, 16% used [0x00000000fc500000,0x00000000fc9c5000,0x00000000fe280000)
  to   space 30208K, 0% used [0x00000000fe280000,0x00000000fe280000,0x0000000100000000)
 ParOldGen       total 82944K, used 59159K [0x00000000c0000000, 0x00000000c5100000, 0x00000000eab00000)
  object space 82944K, 71% used [0x00000000c0000000,0x00000000c39c5e20,0x00000000c5100000)
 Metaspace       used 65495K, capacity 67290K, committed 67584K, reserved 1107968K
  class space    used 8467K, capacity 8873K, committed 8960K, reserved 1048576K
}
Event: 912.643 GC heap before
{Heap before GC invocations=18 (full 4):
 PSYoungGen      total 318976K, used 92568K [0x00000000eab00000, 0x0000000100000000, 0x0000000100000000)
  eden space 288768K, 30% used [0x00000000eab00000,0x00000000f00a1220,0x00000000fc500000)
  from space 30208K, 16% used [0x00000000fc500000,0x00000000fc9c5000,0x00000000fe280000)
  to   space 30208K, 0% used [0x00000000fe280000,0x00000000fe280000,0x0000000100000000)
 ParOldGen       total 82944K, used 59159K [0x00000000c0000000, 0x00000000c5100000, 0x00000000eab00000)
  object space 82944K, 71% used [0x00000000c0000000,0x00000000c39c5e20,0x00000000c5100000)
 Metaspace       used 65807K, capacity 67530K, committed 67840K, reserved 1107968K
  class space    used 8484K, capacity 8891K, committed 8960K, reserved 1048576K
Event: 912.665 GC heap after
Heap after GC invocations=18 (full 4):
 PSYoungGen      total 318976K, used 4514K [0x00000000eab00000, 0x0000000100000000, 0x0000000100000000)
  eden space 288768K, 0% used [0x00000000eab00000,0x00000000eab00000,0x00000000fc500000)
  from space 30208K, 14% used [0x00000000fe280000,0x00000000fe6e8970,0x0000000100000000)
  to   space 30208K, 0% used [0x00000000fc500000,0x00000000fc500000,0x00000000fe280000)
 ParOldGen       total 82944K, used 59167K [0x00000000c0000000, 0x00000000c5100000, 0x00000000eab00000)
  object space 82944K, 71% used [0x00000000c0000000,0x00000000c39c7e20,0x00000000c5100000)
 Metaspace       used 65807K, capacity 67530K, committed 67840K, reserved 1107968K
  class space    used 8484K, capacity 8891K, committed 8960K, reserved 1048576K
}
Event: 912.665 GC heap before
{Heap before GC invocations=19 (full 5):
 PSYoungGen      total 318976K, used 4514K [0x00000000eab00000, 0x0000000100000000, 0x0000000100000000)
  eden space 288768K, 0% used [0x00000000eab00000,0x00000000eab00000,0x00000000fc500000)
  from space 30208K, 14% used [0x00000000fe280000,0x00000000fe6e8970,0x0000000100000000)
  to   space 30208K, 0% used [0x00000000fc500000,0x00000000fc500000,0x00000000fe280000)
 ParOldGen       total 82944K, used 59167K [0x00000000c0000000, 0x00000000c5100000, 0x00000000eab00000)
  object space 82944K, 71% used [0x00000000c0000000,0x00000000c39c7e20,0x00000000c5100000)
 Metaspace       used 65807K, capacity 67530K, committed 67840K, reserved 1107968K
  class space    used 8484K, capacity 8891K, committed 8960K, reserved 1048576K
Event: 922.506 GC heap after
Heap after GC invocations=19 (full 5):
 PSYoungGen      total 318976K, used 0K [0x00000000eab00000, 0x0000000100000000, 0x0000000100000000)
  eden space 288768K, 0% used [0x00000000eab00000,0x00000000eab00000,0x00000000fc500000)
  from space 30208K, 0% used [0x00000000fe280000,0x00000000fe280000,0x0000000100000000)
  to   space 30208K, 0% used [0x00000000fc500000,0x00000000fc500000,0x00000000fe280000)
 ParOldGen       total 82944K, used 40732K [0x00000000c0000000, 0x00000000c5100000, 0x00000000eab00000)
  object space 82944K, 49% used [0x00000000c0000000,0x00000000c27c7218,0x00000000c5100000)
 Metaspace       used 65795K, capacity 67496K, committed 67840K, reserved 1107968K
  class space    used 8480K, capacity 8884K, committed 8960K, reserved 1048576K
}

